<?xml version="1.0" encoding="UTF-8"?>
<testsuite name="com.example.reelquill.ReelQuillApplicationTests" tests="1" skipped="0" failures="0" errors="0" timestamp="2024-10-22T20:42:54" hostname="BASAK" time="0.374">
  <properties/>
  <testcase name="contextLoads()" classname="com.example.reelquill.ReelQuillApplicationTests" time="0.374"/>
  <system-out><![CDATA[23:42:50.567 [Test worker] INFO org.springframework.test.context.support.AnnotationConfigContextLoaderUtils -- Could not detect default configuration classes for test class [com.example.reelquill.ReelQuillApplicationTests]: ReelQuillApplicationTests does not declare any static, non-private, non-final, nested classes annotated with @Configuration.
23:42:50.669 [Test worker] INFO org.springframework.boot.test.context.SpringBootTestContextBootstrapper -- Found @SpringBootConfiguration com.example.reelquill.ReelQuillApplication for test class com.example.reelquill.ReelQuillApplicationTests

  .   ____          _            __ _ _
 /\\ / ___'_ __ _ _(_)_ __  __ _ \ \ \ \
( ( )\___ | '_ | '_| | '_ \/ _` | \ \ \ \
 \\/  ___)| |_)| | | | | || (_| |  ) ) ) )
  '  |____| .__|_| |_|_| |_\__, | / / / /
 =========|_|==============|___/=/_/_/_/

 :: Spring Boot ::                (v3.3.4)

2024-10-22T23:42:50.987+03:00 DEBUG 4560 --- [reelQuill] [kground-preinit] org.jboss.logging                        : Logging Provider: org.jboss.logging.Slf4jLoggerProvider found via system property
2024-10-22T23:42:50.998+03:00 DEBUG 4560 --- [reelQuill] [kground-preinit] o.h.v.i.xml.config.ValidationXmlParser   : Trying to load META-INF/validation.xml for XML based Validator configuration.
2024-10-22T23:42:50.998+03:00 DEBUG 4560 --- [reelQuill] [kground-preinit] o.h.v.i.xml.config.ResourceLoaderHelper  : Trying to load META-INF/validation.xml via TCCL
2024-10-22T23:42:50.998+03:00 DEBUG 4560 --- [reelQuill] [kground-preinit] o.h.v.i.xml.config.ResourceLoaderHelper  : Trying to load META-INF/validation.xml via Hibernate Validator's class loader
2024-10-22T23:42:50.998+03:00 DEBUG 4560 --- [reelQuill] [kground-preinit] o.h.v.i.xml.config.ValidationXmlParser   : No META-INF/validation.xml found. Using annotation based configuration only.
2024-10-22T23:42:51.000+03:00 DEBUG 4560 --- [reelQuill] [kground-preinit] o.h.v.i.e.resolver.TraversableResolvers  : Found jakarta.persistence.Persistence on classpath containing 'getPersistenceUtil'. Assuming JPA 2 environment. Trying to instantiate JPA aware TraversableResolver
2024-10-22T23:42:51.000+03:00 DEBUG 4560 --- [reelQuill] [kground-preinit] o.h.v.i.e.resolver.TraversableResolvers  : Instantiated JPA aware TraversableResolver of type org.hibernate.validator.internal.engine.resolver.JPATraversableResolver.
2024-10-22T23:42:51.007+03:00  INFO 4560 --- [reelQuill] [    Test worker] c.e.reelquill.ReelQuillApplicationTests  : Starting ReelQuillApplicationTests using Java 23.0.1 with PID 4560 (started by Basak in C:\Users\basak\IdeaProjects\reelQuill)
2024-10-22T23:42:51.007+03:00 DEBUG 4560 --- [reelQuill] [    Test worker] c.e.reelquill.ReelQuillApplicationTests  : Running with Spring Boot v3.3.4, Spring v6.1.13
2024-10-22T23:42:51.007+03:00  INFO 4560 --- [reelQuill] [    Test worker] c.e.reelquill.ReelQuillApplicationTests  : No active profile set, falling back to 1 default profile: "default"
2024-10-22T23:42:51.007+03:00 DEBUG 4560 --- [reelQuill] [    Test worker] o.s.boot.SpringApplication               : Loading source class com.example.reelquill.ReelQuillApplication
2024-10-22T23:42:51.017+03:00 DEBUG 4560 --- [reelQuill] [kground-preinit] .h.v.m.ResourceBundleMessageInterpolator : Loaded expression factory via original TCCL
2024-10-22T23:42:51.037+03:00 DEBUG 4560 --- [reelQuill] [    Test worker] o.s.w.c.s.GenericWebApplicationContext   : Refreshing org.springframework.web.context.support.GenericWebApplicationContext@6f8e0cee
2024-10-22T23:42:51.048+03:00 DEBUG 4560 --- [reelQuill] [    Test worker] o.s.b.f.s.DefaultListableBeanFactory     : Creating shared instance of singleton bean 'org.springframework.context.annotation.internalConfigurationAnnotationProcessor'
2024-10-22T23:42:51.068+03:00 DEBUG 4560 --- [reelQuill] [    Test worker] o.s.b.f.s.DefaultListableBeanFactory     : Creating shared instance of singleton bean 'org.springframework.boot.autoconfigure.internalCachingMetadataReaderFactory'
2024-10-22T23:42:51.097+03:00 DEBUG 4560 --- [reelQuill] [    Test worker] o.s.c.a.ClassPathBeanDefinitionScanner   : Identified candidate component class: file [C:\Users\basak\IdeaProjects\reelQuill\build\classes\java\main\com\example\reelquill\config\WebConfig.class]
2024-10-22T23:42:51.111+03:00 DEBUG 4560 --- [reelQuill] [kground-preinit] .i.e.ValidatorFactoryConfigurationHelper : HV000252: Using org.hibernate.validator.internal.engine.DefaultPropertyNodeNameProvider as property node name provider.
2024-10-22T23:42:51.111+03:00 DEBUG 4560 --- [reelQuill] [kground-preinit] .i.e.ValidatorFactoryConfigurationHelper : HV000234: Using org.hibernate.validator.messageinterpolation.ResourceBundleMessageInterpolator as ValidatorFactory-scoped message interpolator.
2024-10-22T23:42:51.111+03:00 DEBUG 4560 --- [reelQuill] [kground-preinit] .i.e.ValidatorFactoryConfigurationHelper : HV000234: Using org.hibernate.validator.internal.engine.resolver.JPATraversableResolver as ValidatorFactory-scoped traversable resolver.
2024-10-22T23:42:51.111+03:00 DEBUG 4560 --- [reelQuill] [kground-preinit] .i.e.ValidatorFactoryConfigurationHelper : HV000234: Using org.hibernate.validator.internal.util.ExecutableParameterNameProvider as ValidatorFactory-scoped parameter name provider.
2024-10-22T23:42:51.111+03:00 DEBUG 4560 --- [reelQuill] [kground-preinit] .i.e.ValidatorFactoryConfigurationHelper : HV000234: Using org.hibernate.validator.internal.engine.DefaultClockProvider as ValidatorFactory-scoped clock provider.
2024-10-22T23:42:51.111+03:00 DEBUG 4560 --- [reelQuill] [kground-preinit] .i.e.ValidatorFactoryConfigurationHelper : HV000234: Using org.hibernate.validator.internal.engine.scripting.DefaultScriptEvaluatorFactory as ValidatorFactory-scoped script evaluator factory.
2024-10-22T23:42:51.117+03:00 DEBUG 4560 --- [reelQuill] [    Test worker] o.s.c.a.ClassPathBeanDefinitionScanner   : Identified candidate component class: file [C:\Users\basak\IdeaProjects\reelQuill\build\classes\java\main\com\example\reelquill\controller\FriendController.class]
2024-10-22T23:42:51.117+03:00 DEBUG 4560 --- [reelQuill] [    Test worker] o.s.c.a.ClassPathBeanDefinitionScanner   : Identified candidate component class: file [C:\Users\basak\IdeaProjects\reelQuill\build\classes\java\main\com\example\reelquill\controller\GeneralInfoController.class]
2024-10-22T23:42:51.117+03:00 DEBUG 4560 --- [reelQuill] [    Test worker] o.s.c.a.ClassPathBeanDefinitionScanner   : Identified candidate component class: file [C:\Users\basak\IdeaProjects\reelQuill\build\classes\java\main\com\example\reelquill\controller\QuillController.class]
2024-10-22T23:42:51.127+03:00 DEBUG 4560 --- [reelQuill] [    Test worker] o.s.c.a.ClassPathBeanDefinitionScanner   : Identified candidate component class: file [C:\Users\basak\IdeaProjects\reelQuill\build\classes\java\main\com\example\reelquill\controller\UserController.class]
2024-10-22T23:42:51.127+03:00 DEBUG 4560 --- [reelQuill] [    Test worker] o.s.c.a.ClassPathBeanDefinitionScanner   : Identified candidate component class: file [C:\Users\basak\IdeaProjects\reelQuill\build\classes\java\main\com\example\reelquill\exception\GlobalExceptionHandler.class]
2024-10-22T23:42:51.127+03:00 DEBUG 4560 --- [reelQuill] [    Test worker] o.s.c.a.ClassPathBeanDefinitionScanner   : Identified candidate component class: file [C:\Users\basak\IdeaProjects\reelQuill\build\classes\java\main\com\example\reelquill\service\FriendService.class]
2024-10-22T23:42:51.127+03:00 DEBUG 4560 --- [reelQuill] [    Test worker] o.s.c.a.ClassPathBeanDefinitionScanner   : Identified candidate component class: file [C:\Users\basak\IdeaProjects\reelQuill\build\classes\java\main\com\example\reelquill\service\GeneralInfoService.class]
2024-10-22T23:42:51.138+03:00 DEBUG 4560 --- [reelQuill] [    Test worker] o.s.c.a.ClassPathBeanDefinitionScanner   : Identified candidate component class: file [C:\Users\basak\IdeaProjects\reelQuill\build\classes\java\main\com\example\reelquill\service\QuillService.class]
2024-10-22T23:42:51.138+03:00 DEBUG 4560 --- [reelQuill] [    Test worker] o.s.c.a.ClassPathBeanDefinitionScanner   : Identified candidate component class: file [C:\Users\basak\IdeaProjects\reelQuill\build\classes\java\main\com\example\reelquill\service\UserService.class]
2024-10-22T23:42:51.138+03:00 DEBUG 4560 --- [reelQuill] [    Test worker] o.s.c.a.ClassPathBeanDefinitionScanner   : Identified candidate component class: file [C:\Users\basak\IdeaProjects\reelQuill\build\classes\java\main\com\example\reelquill\util\JwtUtil.class]
2024-10-22T23:42:51.609+03:00  INFO 4560 --- [reelQuill] [    Test worker] .s.d.r.c.RepositoryConfigurationDelegate : Bootstrapping Spring Data JPA repositories in DEFAULT mode.
2024-10-22T23:42:51.618+03:00 DEBUG 4560 --- [reelQuill] [    Test worker] o.s.b.f.s.DefaultListableBeanFactory     : Creating shared instance of singleton bean 'org.springframework.boot.autoconfigure.AutoConfigurationPackages'
2024-10-22T23:42:51.628+03:00 DEBUG 4560 --- [reelQuill] [    Test worker] o.s.b.a.AutoConfigurationPackages        : @EnableAutoConfiguration was declared on a class in the package 'com.example.reelquill'. Automatic @Repository and @Entity scanning is enabled.
2024-10-22T23:42:51.628+03:00 DEBUG 4560 --- [reelQuill] [    Test worker] .s.d.r.c.RepositoryConfigurationDelegate : Scanning for JPA repositories in packages com.example.reelquill.
2024-10-22T23:42:51.640+03:00 DEBUG 4560 --- [reelQuill] [    Test worker] o.s.d.r.c.RepositoryComponentProvider    : Identified candidate component class: file [C:\Users\basak\IdeaProjects\reelQuill\build\classes\java\main\com\example\reelquill\repository\FriendRepository.class]
2024-10-22T23:42:51.640+03:00 DEBUG 4560 --- [reelQuill] [    Test worker] o.s.d.r.c.RepositoryComponentProvider    : Identified candidate component class: file [C:\Users\basak\IdeaProjects\reelQuill\build\classes\java\main\com\example\reelquill\repository\GeneralInfoRepository.class]
2024-10-22T23:42:51.640+03:00 DEBUG 4560 --- [reelQuill] [    Test worker] o.s.d.r.c.RepositoryComponentProvider    : Identified candidate component class: file [C:\Users\basak\IdeaProjects\reelQuill\build\classes\java\main\com\example\reelquill\repository\QuillRepository.class]
2024-10-22T23:42:51.640+03:00 DEBUG 4560 --- [reelQuill] [    Test worker] o.s.d.r.c.RepositoryComponentProvider    : Identified candidate component class: file [C:\Users\basak\IdeaProjects\reelQuill\build\classes\java\main\com\example\reelquill\repository\UserRepository.class]
2024-10-22T23:42:51.677+03:00  INFO 4560 --- [reelQuill] [    Test worker] .s.d.r.c.RepositoryConfigurationDelegate : Finished Spring Data repository scanning in 50 ms. Found 4 JPA repository interfaces.
2024-10-22T23:42:51.817+03:00 DEBUG 4560 --- [reelQuill] [    Test worker] o.s.b.f.s.DefaultListableBeanFactory     : Creating shared instance of singleton bean 'propertySourcesPlaceholderConfigurer'
2024-10-22T23:42:51.817+03:00 DEBUG 4560 --- [reelQuill] [    Test worker] o.s.b.f.s.DefaultListableBeanFactory     : Creating shared instance of singleton bean 'org.springframework.boot.test.mock.mockito.MockitoPostProcessor'
2024-10-22T23:42:51.817+03:00 DEBUG 4560 --- [reelQuill] [    Test worker] o.s.b.f.s.DefaultListableBeanFactory     : Creating shared instance of singleton bean 'emBeanDefinitionRegistrarPostProcessor'
2024-10-22T23:42:51.817+03:00 DEBUG 4560 --- [reelQuill] [    Test worker] o.s.b.f.s.DefaultListableBeanFactory     : Creating shared instance of singleton bean 'org.springframework.boot.sql.init.dependency.DatabaseInitializationDependencyConfigurer$DependsOnDatabaseInitializationPostProcessor'
2024-10-22T23:42:51.862+03:00 DEBUG 4560 --- [reelQuill] [    Test worker] o.s.b.f.s.DefaultListableBeanFactory     : Creating shared instance of singleton bean 'org.springframework.context.event.internalEventListenerProcessor'
2024-10-22T23:42:51.862+03:00 DEBUG 4560 --- [reelQuill] [    Test worker] o.s.b.f.s.DefaultListableBeanFactory     : Creating shared instance of singleton bean 'preserveErrorControllerTargetClassPostProcessor'
2024-10-22T23:42:51.862+03:00 DEBUG 4560 --- [reelQuill] [    Test worker] o.s.b.f.s.DefaultListableBeanFactory     : Creating shared instance of singleton bean 'org.springframework.context.event.internalEventListenerFactory'
2024-10-22T23:42:51.862+03:00 DEBUG 4560 --- [reelQuill] [    Test worker] o.s.b.f.s.DefaultListableBeanFactory     : Creating shared instance of singleton bean 'org.springframework.transaction.config.internalTransactionalEventListenerFactory'
2024-10-22T23:42:51.867+03:00 DEBUG 4560 --- [reelQuill] [    Test worker] o.s.b.f.s.DefaultListableBeanFactory     : Creating shared instance of singleton bean 'org.springframework.boot.test.mock.mockito.MockitoPostProcessor$SpyPostProcessor'
2024-10-22T23:42:51.867+03:00 DEBUG 4560 --- [reelQuill] [    Test worker] o.s.b.f.s.DefaultListableBeanFactory     : Creating shared instance of singleton bean 'org.springframework.context.annotation.internalAutowiredAnnotationProcessor'
2024-10-22T23:42:51.867+03:00 DEBUG 4560 --- [reelQuill] [    Test worker] o.s.b.f.s.DefaultListableBeanFactory     : Creating shared instance of singleton bean 'org.springframework.context.annotation.internalCommonAnnotationProcessor'
2024-10-22T23:42:51.867+03:00 DEBUG 4560 --- [reelQuill] [    Test worker] o.s.b.f.s.DefaultListableBeanFactory     : Creating shared instance of singleton bean 'org.springframework.context.annotation.internalPersistenceAnnotationProcessor'
2024-10-22T23:42:51.867+03:00 DEBUG 4560 --- [reelQuill] [    Test worker] o.s.b.f.s.DefaultListableBeanFactory     : Creating shared instance of singleton bean 'org.springframework.boot.context.properties.ConfigurationPropertiesBindingPostProcessor'
2024-10-22T23:42:51.867+03:00 DEBUG 4560 --- [reelQuill] [    Test worker] o.s.b.f.s.DefaultListableBeanFactory     : Creating shared instance of singleton bean 'org.springframework.boot.context.internalConfigurationPropertiesBinder'
2024-10-22T23:42:51.867+03:00 DEBUG 4560 --- [reelQuill] [    Test worker] o.s.b.f.s.DefaultListableBeanFactory     : Creating shared instance of singleton bean 'jdbcConnectionDetailsHikariBeanPostProcessor'
2024-10-22T23:42:51.877+03:00 DEBUG 4560 --- [reelQuill] [    Test worker] o.s.b.f.s.DefaultListableBeanFactory     : Creating shared instance of singleton bean 'methodValidationPostProcessor'
2024-10-22T23:42:51.887+03:00 DEBUG 4560 --- [reelQuill] [    Test worker] o.s.b.f.s.DefaultListableBeanFactory     : Autowiring by type from bean name 'methodValidationPostProcessor' via factory method to bean named 'environment'
2024-10-22T23:42:51.894+03:00 DEBUG 4560 --- [reelQuill] [    Test worker] o.s.b.f.s.DefaultListableBeanFactory     : Creating shared instance of singleton bean 'org.springframework.boot.context.properties.EnableConfigurationPropertiesRegistrar.methodValidationExcludeFilter'
2024-10-22T23:42:51.910+03:00 DEBUG 4560 --- [reelQuill] [    Test worker] o.s.b.f.s.DefaultListableBeanFactory     : Creating shared instance of singleton bean 'org.springframework.aop.config.internalAutoProxyCreator'
2024-10-22T23:42:51.922+03:00 DEBUG 4560 --- [reelQuill] [    Test worker] o.s.b.f.s.DefaultListableBeanFactory     : Creating shared instance of singleton bean 'persistenceExceptionTranslationPostProcessor'
2024-10-22T23:42:51.922+03:00 DEBUG 4560 --- [reelQuill] [    Test worker] o.s.b.f.s.DefaultListableBeanFactory     : Autowiring by type from bean name 'persistenceExceptionTranslationPostProcessor' via factory method to bean named 'environment'
2024-10-22T23:42:51.927+03:00 DEBUG 4560 --- [reelQuill] [    Test worker] o.s.b.f.s.DefaultListableBeanFactory     : Creating shared instance of singleton bean 'webServerFactoryCustomizerBeanPostProcessor'
2024-10-22T23:42:51.927+03:00 DEBUG 4560 --- [reelQuill] [    Test worker] o.s.b.f.s.DefaultListableBeanFactory     : Creating shared instance of singleton bean 'errorPageRegistrarBeanPostProcessor'
2024-10-22T23:42:51.927+03:00 DEBUG 4560 --- [reelQuill] [    Test worker] o.s.b.f.s.DefaultListableBeanFactory     : Creating shared instance of singleton bean 'projectingArgumentResolverBeanPostProcessor'
2024-10-22T23:42:51.927+03:00 DEBUG 4560 --- [reelQuill] [    Test worker] o.s.b.f.s.DefaultListableBeanFactory     : Creating shared instance of singleton bean 'org.springframework.transaction.config.internalTransactionAdvisor'
2024-10-22T23:42:51.927+03:00 DEBUG 4560 --- [reelQuill] [    Test worker] o.s.b.f.s.DefaultListableBeanFactory     : Creating shared instance of singleton bean 'org.springframework.transaction.annotation.ProxyTransactionManagementConfiguration'
2024-10-22T23:42:51.927+03:00 DEBUG 4560 --- [reelQuill] [    Test worker] o.s.b.f.s.DefaultListableBeanFactory     : Creating shared instance of singleton bean 'transactionAttributeSource'
2024-10-22T23:42:51.937+03:00 DEBUG 4560 --- [reelQuill] [    Test worker] o.s.b.f.s.DefaultListableBeanFactory     : Creating shared instance of singleton bean 'transactionInterceptor'
2024-10-22T23:42:51.937+03:00 DEBUG 4560 --- [reelQuill] [    Test worker] o.s.b.f.s.DefaultListableBeanFactory     : Autowiring by type from bean name 'transactionInterceptor' via factory method to bean named 'transactionAttributeSource'
2024-10-22T23:42:51.937+03:00 DEBUG 4560 --- [reelQuill] [    Test worker] o.s.b.f.s.DefaultListableBeanFactory     : Autowiring by type from bean name 'org.springframework.transaction.config.internalTransactionAdvisor' via factory method to bean named 'transactionAttributeSource'
2024-10-22T23:42:51.937+03:00 DEBUG 4560 --- [reelQuill] [    Test worker] o.s.b.f.s.DefaultListableBeanFactory     : Autowiring by type from bean name 'org.springframework.transaction.config.internalTransactionAdvisor' via factory method to bean named 'transactionInterceptor'
2024-10-22T23:42:51.957+03:00 DEBUG 4560 --- [reelQuill] [    Test worker] o.s.u.c.s.UiApplicationContextUtils      : Unable to locate ThemeSource with name 'themeSource': using default [org.springframework.ui.context.support.ResourceBundleThemeSource@53747c4a]
2024-10-22T23:42:51.957+03:00 DEBUG 4560 --- [reelQuill] [    Test worker] o.s.b.f.s.DefaultListableBeanFactory     : Creating shared instance of singleton bean 'dataSourceScriptDatabaseInitializer'
2024-10-22T23:42:51.957+03:00 DEBUG 4560 --- [reelQuill] [    Test worker] o.s.b.f.s.DefaultListableBeanFactory     : Creating shared instance of singleton bean 'org.springframework.boot.autoconfigure.sql.init.DataSourceInitializationConfiguration'
2024-10-22T23:42:51.957+03:00 DEBUG 4560 --- [reelQuill] [    Test worker] o.s.b.f.s.DefaultListableBeanFactory     : Creating shared instance of singleton bean 'dataSource'
2024-10-22T23:42:51.957+03:00 DEBUG 4560 --- [reelQuill] [    Test worker] o.s.b.f.s.DefaultListableBeanFactory     : Creating shared instance of singleton bean 'org.springframework.boot.autoconfigure.jdbc.DataSourceConfiguration$Hikari'
2024-10-22T23:42:51.957+03:00 DEBUG 4560 --- [reelQuill] [    Test worker] o.s.b.f.s.DefaultListableBeanFactory     : Creating shared instance of singleton bean 'spring.datasource-org.springframework.boot.autoconfigure.jdbc.DataSourceProperties'
2024-10-22T23:42:51.957+03:00 DEBUG 4560 --- [reelQuill] [    Test worker] o.s.b.f.s.DefaultListableBeanFactory     : Creating shared instance of singleton bean 'org.springframework.boot.context.properties.BoundConfigurationProperties'
2024-10-22T23:42:51.977+03:00 DEBUG 4560 --- [reelQuill] [    Test worker] o.s.b.f.s.DefaultListableBeanFactory     : Creating shared instance of singleton bean 'jdbcConnectionDetails'
2024-10-22T23:42:51.977+03:00 DEBUG 4560 --- [reelQuill] [    Test worker] o.s.b.f.s.DefaultListableBeanFactory     : Creating shared instance of singleton bean 'org.springframework.boot.autoconfigure.jdbc.DataSourceAutoConfiguration$PooledDataSourceConfiguration'
2024-10-22T23:42:51.977+03:00 DEBUG 4560 --- [reelQuill] [    Test worker] o.s.b.f.s.DefaultListableBeanFactory     : Autowiring by type from bean name 'jdbcConnectionDetails' via factory method to bean named 'spring.datasource-org.springframework.boot.autoconfigure.jdbc.DataSourceProperties'
2024-10-22T23:42:51.977+03:00 DEBUG 4560 --- [reelQuill] [    Test worker] o.s.b.f.s.DefaultListableBeanFactory     : Autowiring by type from bean name 'dataSource' via factory method to bean named 'spring.datasource-org.springframework.boot.autoconfigure.jdbc.DataSourceProperties'
2024-10-22T23:42:51.977+03:00 DEBUG 4560 --- [reelQuill] [    Test worker] o.s.b.f.s.DefaultListableBeanFactory     : Autowiring by type from bean name 'dataSource' via factory method to bean named 'jdbcConnectionDetails'
2024-10-22T23:42:51.987+03:00 DEBUG 4560 --- [reelQuill] [    Test worker] com.zaxxer.hikari.HikariConfig           : Driver class org.postgresql.Driver found in Thread context class loader jdk.internal.loader.ClassLoaders$AppClassLoader@33909752
2024-10-22T23:42:52.005+03:00 DEBUG 4560 --- [reelQuill] [    Test worker] o.s.b.f.s.DefaultListableBeanFactory     : Creating shared instance of singleton bean 'spring.sql.init-org.springframework.boot.autoconfigure.sql.init.SqlInitializationProperties'
2024-10-22T23:42:52.007+03:00 DEBUG 4560 --- [reelQuill] [    Test worker] o.s.b.f.s.DefaultListableBeanFactory     : Autowiring by type from bean name 'dataSourceScriptDatabaseInitializer' via factory method to bean named 'dataSource'
2024-10-22T23:42:52.007+03:00 DEBUG 4560 --- [reelQuill] [    Test worker] o.s.b.f.s.DefaultListableBeanFactory     : Autowiring by type from bean name 'dataSourceScriptDatabaseInitializer' via factory method to bean named 'spring.sql.init-org.springframework.boot.autoconfigure.sql.init.SqlInitializationProperties'
2024-10-22T23:42:52.017+03:00 DEBUG 4560 --- [reelQuill] [    Test worker] o.s.b.f.s.DefaultListableBeanFactory     : Creating shared instance of singleton bean 'entityManagerFactory'
2024-10-22T23:42:52.017+03:00 DEBUG 4560 --- [reelQuill] [    Test worker] o.s.b.f.s.DefaultListableBeanFactory     : Creating shared instance of singleton bean 'org.springframework.boot.autoconfigure.orm.jpa.HibernateJpaConfiguration'
2024-10-22T23:42:52.017+03:00 DEBUG 4560 --- [reelQuill] [    Test worker] o.s.b.f.s.DefaultListableBeanFactory     : Creating shared instance of singleton bean 'spring.jpa-org.springframework.boot.autoconfigure.orm.jpa.JpaProperties'
2024-10-22T23:42:52.021+03:00 DEBUG 4560 --- [reelQuill] [    Test worker] o.s.b.f.s.DefaultListableBeanFactory     : Creating shared instance of singleton bean 'spring.jpa.hibernate-org.springframework.boot.autoconfigure.orm.jpa.HibernateProperties'
2024-10-22T23:42:52.021+03:00 DEBUG 4560 --- [reelQuill] [    Test worker] o.s.b.f.s.DefaultListableBeanFactory     : Autowiring by type from bean name 'org.springframework.boot.autoconfigure.orm.jpa.HibernateJpaConfiguration' via constructor to bean named 'dataSource'
2024-10-22T23:42:52.021+03:00 DEBUG 4560 --- [reelQuill] [    Test worker] o.s.b.f.s.DefaultListableBeanFactory     : Autowiring by type from bean name 'org.springframework.boot.autoconfigure.orm.jpa.HibernateJpaConfiguration' via constructor to bean named 'spring.jpa-org.springframework.boot.autoconfigure.orm.jpa.JpaProperties'
2024-10-22T23:42:52.021+03:00 DEBUG 4560 --- [reelQuill] [    Test worker] o.s.b.f.s.DefaultListableBeanFactory     : Autowiring by type from bean name 'org.springframework.boot.autoconfigure.orm.jpa.HibernateJpaConfiguration' via constructor to bean named 'org.springframework.beans.factory.support.DefaultListableBeanFactory@16ade133'
2024-10-22T23:42:52.021+03:00 DEBUG 4560 --- [reelQuill] [    Test worker] o.s.b.f.s.DefaultListableBeanFactory     : Autowiring by type from bean name 'org.springframework.boot.autoconfigure.orm.jpa.HibernateJpaConfiguration' via constructor to bean named 'spring.jpa.hibernate-org.springframework.boot.autoconfigure.orm.jpa.HibernateProperties'
2024-10-22T23:42:52.027+03:00 DEBUG 4560 --- [reelQuill] [    Test worker] o.s.b.f.s.DefaultListableBeanFactory     : Creating shared instance of singleton bean 'hikariPoolDataSourceMetadataProvider'
2024-10-22T23:42:52.027+03:00 DEBUG 4560 --- [reelQuill] [    Test worker] o.s.b.f.s.DefaultListableBeanFactory     : Creating shared instance of singleton bean 'org.springframework.boot.autoconfigure.jdbc.metadata.DataSourcePoolMetadataProvidersConfiguration$HikariPoolDataSourceMetadataProviderConfiguration'
2024-10-22T23:42:52.027+03:00 DEBUG 4560 --- [reelQuill] [    Test worker] o.s.b.f.s.DefaultListableBeanFactory     : Creating shared instance of singleton bean 'entityManagerFactoryBuilder'
2024-10-22T23:42:52.027+03:00 DEBUG 4560 --- [reelQuill] [    Test worker] o.s.b.f.s.DefaultListableBeanFactory     : Creating shared instance of singleton bean 'jpaVendorAdapter'
2024-10-22T23:42:52.047+03:00 DEBUG 4560 --- [reelQuill] [    Test worker] o.s.b.f.s.DefaultListableBeanFactory     : Autowiring by type from bean name 'entityManagerFactoryBuilder' via factory method to bean named 'jpaVendorAdapter'
2024-10-22T23:42:52.052+03:00 DEBUG 4560 --- [reelQuill] [    Test worker] o.s.b.f.s.DefaultListableBeanFactory     : Creating shared instance of singleton bean 'persistenceManagedTypes'
2024-10-22T23:42:52.052+03:00 DEBUG 4560 --- [reelQuill] [    Test worker] o.s.b.f.s.DefaultListableBeanFactory     : Autowiring by type from bean name 'persistenceManagedTypes' via factory method to bean named 'org.springframework.beans.factory.support.DefaultListableBeanFactory@16ade133'
2024-10-22T23:42:52.052+03:00 DEBUG 4560 --- [reelQuill] [    Test worker] o.s.b.f.s.DefaultListableBeanFactory     : Autowiring by type from bean name 'persistenceManagedTypes' via factory method to bean named 'org.springframework.web.context.support.GenericWebApplicationContext@6f8e0cee'
2024-10-22T23:42:52.057+03:00 DEBUG 4560 --- [reelQuill] [    Test worker] o.s.b.f.s.DefaultListableBeanFactory     : Autowiring by type from bean name 'entityManagerFactory' via factory method to bean named 'entityManagerFactoryBuilder'
2024-10-22T23:42:52.057+03:00 DEBUG 4560 --- [reelQuill] [    Test worker] o.s.b.f.s.DefaultListableBeanFactory     : Autowiring by type from bean name 'entityManagerFactory' via factory method to bean named 'persistenceManagedTypes'
2024-10-22T23:42:52.088+03:00 DEBUG 4560 --- [reelQuill] [    Test worker] j.LocalContainerEntityManagerFactoryBean : Building JPA container EntityManagerFactory for persistence unit 'default'
2024-10-22T23:42:52.132+03:00 DEBUG 4560 --- [reelQuill] [    Test worker] o.hibernate.jpa.internal.util.LogHelper  : PersistenceUnitInfo [
	name: default
	persistence provider classname: null
	classloader: jdk.internal.loader.ClassLoaders$AppClassLoader@33909752
	excludeUnlistedClasses: true
	JTA datasource: null
	Non JTA datasource: HikariDataSource (null)
	Transaction type: RESOURCE_LOCAL
	PU root URL: file:/C:/Users/basak/IdeaProjects/reelQuill/build/classes/java/test/
	Shared Cache Mode: UNSPECIFIED
	Validation Mode: AUTO
	Jar files URLs []
	Managed classes names [
		com.example.reelquill.model.Friend
		com.example.reelquill.model.GeneralInfo
		com.example.reelquill.model.Quill
		com.example.reelquill.model.User]
	Mapping files names []
	Properties []
2024-10-22T23:42:52.147+03:00 DEBUG 4560 --- [reelQuill] [    Test worker] o.h.i.internal.IntegratorServiceImpl     : Adding Integrator [org.hibernate.boot.beanvalidation.BeanValidationIntegrator].
2024-10-22T23:42:52.147+03:00 DEBUG 4560 --- [reelQuill] [    Test worker] o.h.i.internal.IntegratorServiceImpl     : Adding Integrator [org.hibernate.cache.internal.CollectionCacheInvalidator].
2024-10-22T23:42:52.211+03:00  INFO 4560 --- [reelQuill] [    Test worker] org.hibernate.Version                    : HHH000412: Hibernate ORM core version 6.5.3.Final
2024-10-22T23:42:52.211+03:00 DEBUG 4560 --- [reelQuill] [    Test worker] org.hibernate.cfg.Environment            : HHH000206: 'hibernate.properties' not found
2024-10-22T23:42:52.227+03:00 DEBUG 4560 --- [reelQuill] [    Test worker] org.hibernate.orm.idgen.factory          : Registering IdentifierGenerator strategy [uuid2] -> [org.hibernate.id.UUIDGenerator]
2024-10-22T23:42:52.227+03:00 DEBUG 4560 --- [reelQuill] [    Test worker] org.hibernate.orm.idgen.factory          : Registering IdentifierGenerator strategy [guid] -> [org.hibernate.id.GUIDGenerator]
2024-10-22T23:42:52.227+03:00 DEBUG 4560 --- [reelQuill] [    Test worker] org.hibernate.orm.idgen.factory          : Registering IdentifierGenerator strategy [uuid] -> [org.hibernate.id.UUIDHexGenerator]
2024-10-22T23:42:52.237+03:00 DEBUG 4560 --- [reelQuill] [    Test worker] org.hibernate.orm.idgen.factory          : Registering IdentifierGenerator strategy [uuid.hex] -> [org.hibernate.id.UUIDHexGenerator]
2024-10-22T23:42:52.237+03:00 DEBUG 4560 --- [reelQuill] [    Test worker] org.hibernate.orm.idgen.factory          : Registering IdentifierGenerator strategy [assigned] -> [org.hibernate.id.Assigned]
2024-10-22T23:42:52.237+03:00 DEBUG 4560 --- [reelQuill] [    Test worker] org.hibernate.orm.idgen.factory          : Registering IdentifierGenerator strategy [identity] -> [org.hibernate.id.IdentityGenerator]
2024-10-22T23:42:52.237+03:00 DEBUG 4560 --- [reelQuill] [    Test worker] org.hibernate.orm.idgen.factory          : Registering IdentifierGenerator strategy [select] -> [org.hibernate.id.SelectGenerator]
2024-10-22T23:42:52.237+03:00 DEBUG 4560 --- [reelQuill] [    Test worker] org.hibernate.orm.idgen.factory          : Registering IdentifierGenerator strategy [sequence] -> [org.hibernate.id.enhanced.SequenceStyleGenerator]
2024-10-22T23:42:52.237+03:00 DEBUG 4560 --- [reelQuill] [    Test worker] org.hibernate.orm.idgen.factory          : Registering IdentifierGenerator strategy [increment] -> [org.hibernate.id.IncrementGenerator]
2024-10-22T23:42:52.237+03:00 DEBUG 4560 --- [reelQuill] [    Test worker] org.hibernate.orm.idgen.factory          : Registering IdentifierGenerator strategy [foreign] -> [org.hibernate.id.ForeignGenerator]
2024-10-22T23:42:52.237+03:00 DEBUG 4560 --- [reelQuill] [    Test worker] org.hibernate.orm.idgen.factory          : Registering IdentifierGenerator strategy [enhanced-sequence] -> [org.hibernate.id.enhanced.SequenceStyleGenerator]
2024-10-22T23:42:52.237+03:00 DEBUG 4560 --- [reelQuill] [    Test worker] org.hibernate.orm.idgen.factory          : Registering IdentifierGenerator strategy [enhanced-table] -> [org.hibernate.id.enhanced.TableGenerator]
2024-10-22T23:42:52.244+03:00 DEBUG 4560 --- [reelQuill] [    Test worker] o.h.c.internal.RegionFactoryInitiator    : Cannot default RegionFactory based on registered strategies as `[]` RegionFactory strategies were registered
2024-10-22T23:42:52.244+03:00  INFO 4560 --- [reelQuill] [    Test worker] o.h.c.internal.RegionFactoryInitiator    : HHH000026: Second-level cache disabled
2024-10-22T23:42:52.308+03:00 DEBUG 4560 --- [reelQuill] [    Test worker] org.hibernate.type.BasicTypeRegistry     : Adding type registration boolean -> org.hibernate.type.BasicTypeReference@1b7554d4
2024-10-22T23:42:52.308+03:00 DEBUG 4560 --- [reelQuill] [    Test worker] org.hibernate.type.BasicTypeRegistry     : Adding type registration boolean -> org.hibernate.type.BasicTypeReference@1b7554d4
2024-10-22T23:42:52.308+03:00 DEBUG 4560 --- [reelQuill] [    Test worker] org.hibernate.type.BasicTypeRegistry     : Adding type registration java.lang.Boolean -> org.hibernate.type.BasicTypeReference@1b7554d4
2024-10-22T23:42:52.308+03:00 DEBUG 4560 --- [reelQuill] [    Test worker] org.hibernate.type.BasicTypeRegistry     : Adding type registration numeric_boolean -> org.hibernate.type.BasicTypeReference@57ce2898
2024-10-22T23:42:52.308+03:00 DEBUG 4560 --- [reelQuill] [    Test worker] org.hibernate.type.BasicTypeRegistry     : Adding type registration org.hibernate.type.NumericBooleanConverter -> org.hibernate.type.BasicTypeReference@57ce2898
2024-10-22T23:42:52.308+03:00 DEBUG 4560 --- [reelQuill] [    Test worker] org.hibernate.type.BasicTypeRegistry     : Adding type registration true_false -> org.hibernate.type.BasicTypeReference@1ea930eb
2024-10-22T23:42:52.308+03:00 DEBUG 4560 --- [reelQuill] [    Test worker] org.hibernate.type.BasicTypeRegistry     : Adding type registration org.hibernate.type.TrueFalseConverter -> org.hibernate.type.BasicTypeReference@1ea930eb
2024-10-22T23:42:52.308+03:00 DEBUG 4560 --- [reelQuill] [    Test worker] org.hibernate.type.BasicTypeRegistry     : Adding type registration yes_no -> org.hibernate.type.BasicTypeReference@2e0ad709
2024-10-22T23:42:52.308+03:00 DEBUG 4560 --- [reelQuill] [    Test worker] org.hibernate.type.BasicTypeRegistry     : Adding type registration org.hibernate.type.YesNoConverter -> org.hibernate.type.BasicTypeReference@2e0ad709
2024-10-22T23:42:52.308+03:00 DEBUG 4560 --- [reelQuill] [    Test worker] org.hibernate.type.BasicTypeRegistry     : Adding type registration byte -> org.hibernate.type.BasicTypeReference@1fe8f5e8
2024-10-22T23:42:52.308+03:00 DEBUG 4560 --- [reelQuill] [    Test worker] org.hibernate.type.BasicTypeRegistry     : Adding type registration byte -> org.hibernate.type.BasicTypeReference@1fe8f5e8
2024-10-22T23:42:52.308+03:00 DEBUG 4560 --- [reelQuill] [    Test worker] org.hibernate.type.BasicTypeRegistry     : Adding type registration java.lang.Byte -> org.hibernate.type.BasicTypeReference@1fe8f5e8
2024-10-22T23:42:52.308+03:00 DEBUG 4560 --- [reelQuill] [    Test worker] org.hibernate.type.BasicTypeRegistry     : Adding type registration binary -> org.hibernate.type.BasicTypeReference@39449465
2024-10-22T23:42:52.308+03:00 DEBUG 4560 --- [reelQuill] [    Test worker] org.hibernate.type.BasicTypeRegistry     : Adding type registration byte[] -> org.hibernate.type.BasicTypeReference@39449465
2024-10-22T23:42:52.308+03:00 DEBUG 4560 --- [reelQuill] [    Test worker] org.hibernate.type.BasicTypeRegistry     : Adding type registration [B -> org.hibernate.type.BasicTypeReference@39449465
2024-10-22T23:42:52.308+03:00 DEBUG 4560 --- [reelQuill] [    Test worker] org.hibernate.type.BasicTypeRegistry     : Adding type registration binary_wrapper -> org.hibernate.type.BasicTypeReference@6e3dd5ce
2024-10-22T23:42:52.308+03:00 DEBUG 4560 --- [reelQuill] [    Test worker] org.hibernate.type.BasicTypeRegistry     : Adding type registration wrapper-binary -> org.hibernate.type.BasicTypeReference@6e3dd5ce
2024-10-22T23:42:52.308+03:00 DEBUG 4560 --- [reelQuill] [    Test worker] org.hibernate.type.BasicTypeRegistry     : Adding type registration image -> org.hibernate.type.BasicTypeReference@16f7f59f
2024-10-22T23:42:52.308+03:00 DEBUG 4560 --- [reelQuill] [    Test worker] org.hibernate.type.BasicTypeRegistry     : Adding type registration blob -> org.hibernate.type.BasicTypeReference@4ee8051c
2024-10-22T23:42:52.308+03:00 DEBUG 4560 --- [reelQuill] [    Test worker] org.hibernate.type.BasicTypeRegistry     : Adding type registration java.sql.Blob -> org.hibernate.type.BasicTypeReference@4ee8051c
2024-10-22T23:42:52.308+03:00 DEBUG 4560 --- [reelQuill] [    Test worker] org.hibernate.type.BasicTypeRegistry     : Adding type registration materialized_blob -> org.hibernate.type.BasicTypeReference@53125718
2024-10-22T23:42:52.308+03:00 DEBUG 4560 --- [reelQuill] [    Test worker] org.hibernate.type.BasicTypeRegistry     : Adding type registration materialized_blob_wrapper -> org.hibernate.type.BasicTypeReference@53016b11
2024-10-22T23:42:52.308+03:00 DEBUG 4560 --- [reelQuill] [    Test worker] org.hibernate.type.BasicTypeRegistry     : Adding type registration short -> org.hibernate.type.BasicTypeReference@7af327e3
2024-10-22T23:42:52.308+03:00 DEBUG 4560 --- [reelQuill] [    Test worker] org.hibernate.type.BasicTypeRegistry     : Adding type registration short -> org.hibernate.type.BasicTypeReference@7af327e3
2024-10-22T23:42:52.308+03:00 DEBUG 4560 --- [reelQuill] [    Test worker] org.hibernate.type.BasicTypeRegistry     : Adding type registration java.lang.Short -> org.hibernate.type.BasicTypeReference@7af327e3
2024-10-22T23:42:52.308+03:00 DEBUG 4560 --- [reelQuill] [    Test worker] org.hibernate.type.BasicTypeRegistry     : Adding type registration integer -> org.hibernate.type.BasicTypeReference@743d0d44
2024-10-22T23:42:52.308+03:00 DEBUG 4560 --- [reelQuill] [    Test worker] org.hibernate.type.BasicTypeRegistry     : Adding type registration int -> org.hibernate.type.BasicTypeReference@743d0d44
2024-10-22T23:42:52.308+03:00 DEBUG 4560 --- [reelQuill] [    Test worker] org.hibernate.type.BasicTypeRegistry     : Adding type registration java.lang.Integer -> org.hibernate.type.BasicTypeReference@743d0d44
2024-10-22T23:42:52.308+03:00 DEBUG 4560 --- [reelQuill] [    Test worker] org.hibernate.type.BasicTypeRegistry     : Adding type registration long -> org.hibernate.type.BasicTypeReference@35563e4c
2024-10-22T23:42:52.308+03:00 DEBUG 4560 --- [reelQuill] [    Test worker] org.hibernate.type.BasicTypeRegistry     : Adding type registration long -> org.hibernate.type.BasicTypeReference@35563e4c
2024-10-22T23:42:52.308+03:00 DEBUG 4560 --- [reelQuill] [    Test worker] org.hibernate.type.BasicTypeRegistry     : Adding type registration java.lang.Long -> org.hibernate.type.BasicTypeReference@35563e4c
2024-10-22T23:42:52.308+03:00 DEBUG 4560 --- [reelQuill] [    Test worker] org.hibernate.type.BasicTypeRegistry     : Adding type registration float -> org.hibernate.type.BasicTypeReference@6dd79214
2024-10-22T23:42:52.308+03:00 DEBUG 4560 --- [reelQuill] [    Test worker] org.hibernate.type.BasicTypeRegistry     : Adding type registration float -> org.hibernate.type.BasicTypeReference@6dd79214
2024-10-22T23:42:52.308+03:00 DEBUG 4560 --- [reelQuill] [    Test worker] org.hibernate.type.BasicTypeRegistry     : Adding type registration java.lang.Float -> org.hibernate.type.BasicTypeReference@6dd79214
2024-10-22T23:42:52.308+03:00 DEBUG 4560 --- [reelQuill] [    Test worker] org.hibernate.type.BasicTypeRegistry     : Adding type registration double -> org.hibernate.type.BasicTypeReference@ef86c72
2024-10-22T23:42:52.308+03:00 DEBUG 4560 --- [reelQuill] [    Test worker] org.hibernate.type.BasicTypeRegistry     : Adding type registration double -> org.hibernate.type.BasicTypeReference@ef86c72
2024-10-22T23:42:52.308+03:00 DEBUG 4560 --- [reelQuill] [    Test worker] org.hibernate.type.BasicTypeRegistry     : Adding type registration java.lang.Double -> org.hibernate.type.BasicTypeReference@ef86c72
2024-10-22T23:42:52.308+03:00 DEBUG 4560 --- [reelQuill] [    Test worker] org.hibernate.type.BasicTypeRegistry     : Adding type registration big_integer -> org.hibernate.type.BasicTypeReference@123307c4
2024-10-22T23:42:52.308+03:00 DEBUG 4560 --- [reelQuill] [    Test worker] org.hibernate.type.BasicTypeRegistry     : Adding type registration java.math.BigInteger -> org.hibernate.type.BasicTypeReference@123307c4
2024-10-22T23:42:52.308+03:00 DEBUG 4560 --- [reelQuill] [    Test worker] org.hibernate.type.BasicTypeRegistry     : Adding type registration big_decimal -> org.hibernate.type.BasicTypeReference@1693ff90
2024-10-22T23:42:52.308+03:00 DEBUG 4560 --- [reelQuill] [    Test worker] org.hibernate.type.BasicTypeRegistry     : Adding type registration java.math.BigDecimal -> org.hibernate.type.BasicTypeReference@1693ff90
2024-10-22T23:42:52.308+03:00 DEBUG 4560 --- [reelQuill] [    Test worker] org.hibernate.type.BasicTypeRegistry     : Adding type registration character -> org.hibernate.type.BasicTypeReference@47058864
2024-10-22T23:42:52.308+03:00 DEBUG 4560 --- [reelQuill] [    Test worker] org.hibernate.type.BasicTypeRegistry     : Adding type registration char -> org.hibernate.type.BasicTypeReference@47058864
2024-10-22T23:42:52.308+03:00 DEBUG 4560 --- [reelQuill] [    Test worker] org.hibernate.type.BasicTypeRegistry     : Adding type registration java.lang.Character -> org.hibernate.type.BasicTypeReference@47058864
2024-10-22T23:42:52.308+03:00 DEBUG 4560 --- [reelQuill] [    Test worker] org.hibernate.type.BasicTypeRegistry     : Adding type registration character_nchar -> org.hibernate.type.BasicTypeReference@ad3f70a
2024-10-22T23:42:52.308+03:00 DEBUG 4560 --- [reelQuill] [    Test worker] org.hibernate.type.BasicTypeRegistry     : Adding type registration string -> org.hibernate.type.BasicTypeReference@54ccb3
2024-10-22T23:42:52.308+03:00 DEBUG 4560 --- [reelQuill] [    Test worker] org.hibernate.type.BasicTypeRegistry     : Adding type registration java.lang.String -> org.hibernate.type.BasicTypeReference@54ccb3
2024-10-22T23:42:52.308+03:00 DEBUG 4560 --- [reelQuill] [    Test worker] org.hibernate.type.BasicTypeRegistry     : Adding type registration nstring -> org.hibernate.type.BasicTypeReference@9b2dc56
2024-10-22T23:42:52.308+03:00 DEBUG 4560 --- [reelQuill] [    Test worker] org.hibernate.type.BasicTypeRegistry     : Adding type registration characters -> org.hibernate.type.BasicTypeReference@621f23ac
2024-10-22T23:42:52.308+03:00 DEBUG 4560 --- [reelQuill] [    Test worker] org.hibernate.type.BasicTypeRegistry     : Adding type registration char[] -> org.hibernate.type.BasicTypeReference@621f23ac
2024-10-22T23:42:52.308+03:00 DEBUG 4560 --- [reelQuill] [    Test worker] org.hibernate.type.BasicTypeRegistry     : Adding type registration [C -> org.hibernate.type.BasicTypeReference@621f23ac
2024-10-22T23:42:52.308+03:00 DEBUG 4560 --- [reelQuill] [    Test worker] org.hibernate.type.BasicTypeRegistry     : Adding type registration wrapper-characters -> org.hibernate.type.BasicTypeReference@7761e342
2024-10-22T23:42:52.308+03:00 DEBUG 4560 --- [reelQuill] [    Test worker] org.hibernate.type.BasicTypeRegistry     : Adding type registration text -> org.hibernate.type.BasicTypeReference@51f68849
2024-10-22T23:42:52.308+03:00 DEBUG 4560 --- [reelQuill] [    Test worker] org.hibernate.type.BasicTypeRegistry     : Adding type registration ntext -> org.hibernate.type.BasicTypeReference@4eb9ae4d
2024-10-22T23:42:52.308+03:00 DEBUG 4560 --- [reelQuill] [    Test worker] org.hibernate.type.BasicTypeRegistry     : Adding type registration clob -> org.hibernate.type.BasicTypeReference@5520f675
2024-10-22T23:42:52.308+03:00 DEBUG 4560 --- [reelQuill] [    Test worker] org.hibernate.type.BasicTypeRegistry     : Adding type registration java.sql.Clob -> org.hibernate.type.BasicTypeReference@5520f675
2024-10-22T23:42:52.308+03:00 DEBUG 4560 --- [reelQuill] [    Test worker] org.hibernate.type.BasicTypeRegistry     : Adding type registration nclob -> org.hibernate.type.BasicTypeReference@2d237460
2024-10-22T23:42:52.308+03:00 DEBUG 4560 --- [reelQuill] [    Test worker] org.hibernate.type.BasicTypeRegistry     : Adding type registration java.sql.NClob -> org.hibernate.type.BasicTypeReference@2d237460
2024-10-22T23:42:52.308+03:00 DEBUG 4560 --- [reelQuill] [    Test worker] org.hibernate.type.BasicTypeRegistry     : Adding type registration materialized_clob -> org.hibernate.type.BasicTypeReference@48f2054d
2024-10-22T23:42:52.308+03:00 DEBUG 4560 --- [reelQuill] [    Test worker] org.hibernate.type.BasicTypeRegistry     : Adding type registration materialized_clob_char_array -> org.hibernate.type.BasicTypeReference@4b3a01d8
2024-10-22T23:42:52.308+03:00 DEBUG 4560 --- [reelQuill] [    Test worker] org.hibernate.type.BasicTypeRegistry     : Adding type registration materialized_clob_character_array -> org.hibernate.type.BasicTypeReference@19fbc594
2024-10-22T23:42:52.308+03:00 DEBUG 4560 --- [reelQuill] [    Test worker] org.hibernate.type.BasicTypeRegistry     : Adding type registration materialized_nclob -> org.hibernate.type.BasicTypeReference@2f4d32bf
2024-10-22T23:42:52.308+03:00 DEBUG 4560 --- [reelQuill] [    Test worker] org.hibernate.type.BasicTypeRegistry     : Adding type registration materialized_nclob_character_array -> org.hibernate.type.BasicTypeReference@774d8276
2024-10-22T23:42:52.308+03:00 DEBUG 4560 --- [reelQuill] [    Test worker] org.hibernate.type.BasicTypeRegistry     : Adding type registration materialized_nclob_char_array -> org.hibernate.type.BasicTypeReference@6ce26986
2024-10-22T23:42:52.308+03:00 DEBUG 4560 --- [reelQuill] [    Test worker] org.hibernate.type.BasicTypeRegistry     : Adding type registration Duration -> org.hibernate.type.BasicTypeReference@2bf2d6eb
2024-10-22T23:42:52.308+03:00 DEBUG 4560 --- [reelQuill] [    Test worker] org.hibernate.type.BasicTypeRegistry     : Adding type registration java.time.Duration -> org.hibernate.type.BasicTypeReference@2bf2d6eb
2024-10-22T23:42:52.308+03:00 DEBUG 4560 --- [reelQuill] [    Test worker] org.hibernate.type.BasicTypeRegistry     : Adding type registration LocalDateTime -> org.hibernate.type.BasicTypeReference@6d6cd1e0
2024-10-22T23:42:52.308+03:00 DEBUG 4560 --- [reelQuill] [    Test worker] org.hibernate.type.BasicTypeRegistry     : Adding type registration java.time.LocalDateTime -> org.hibernate.type.BasicTypeReference@6d6cd1e0
2024-10-22T23:42:52.308+03:00 DEBUG 4560 --- [reelQuill] [    Test worker] org.hibernate.type.BasicTypeRegistry     : Adding type registration LocalDate -> org.hibernate.type.BasicTypeReference@76a9a009
2024-10-22T23:42:52.308+03:00 DEBUG 4560 --- [reelQuill] [    Test worker] org.hibernate.type.BasicTypeRegistry     : Adding type registration java.time.LocalDate -> org.hibernate.type.BasicTypeReference@76a9a009
2024-10-22T23:42:52.308+03:00 DEBUG 4560 --- [reelQuill] [    Test worker] org.hibernate.type.BasicTypeRegistry     : Adding type registration LocalTime -> org.hibernate.type.BasicTypeReference@9785903
2024-10-22T23:42:52.308+03:00 DEBUG 4560 --- [reelQuill] [    Test worker] org.hibernate.type.BasicTypeRegistry     : Adding type registration java.time.LocalTime -> org.hibernate.type.BasicTypeReference@9785903
2024-10-22T23:42:52.317+03:00 DEBUG 4560 --- [reelQuill] [    Test worker] org.hibernate.type.BasicTypeRegistry     : Adding type registration OffsetDateTime -> org.hibernate.type.BasicTypeReference@34009349
2024-10-22T23:42:52.317+03:00 DEBUG 4560 --- [reelQuill] [    Test worker] org.hibernate.type.BasicTypeRegistry     : Adding type registration java.time.OffsetDateTime -> org.hibernate.type.BasicTypeReference@34009349
2024-10-22T23:42:52.317+03:00 DEBUG 4560 --- [reelQuill] [    Test worker] org.hibernate.type.BasicTypeRegistry     : Adding type registration OffsetDateTimeWithTimezone -> org.hibernate.type.BasicTypeReference@3f68a7f8
2024-10-22T23:42:52.317+03:00 DEBUG 4560 --- [reelQuill] [    Test worker] org.hibernate.type.BasicTypeRegistry     : Adding type registration OffsetDateTimeWithoutTimezone -> org.hibernate.type.BasicTypeReference@4faf1f4
2024-10-22T23:42:52.317+03:00 DEBUG 4560 --- [reelQuill] [    Test worker] org.hibernate.type.BasicTypeRegistry     : Adding type registration OffsetTime -> org.hibernate.type.BasicTypeReference@4f811029
2024-10-22T23:42:52.317+03:00 DEBUG 4560 --- [reelQuill] [    Test worker] org.hibernate.type.BasicTypeRegistry     : Adding type registration java.time.OffsetTime -> org.hibernate.type.BasicTypeReference@4f811029
2024-10-22T23:42:52.317+03:00 DEBUG 4560 --- [reelQuill] [    Test worker] org.hibernate.type.BasicTypeRegistry     : Adding type registration OffsetTimeUtc -> org.hibernate.type.BasicTypeReference@7f2b584b
2024-10-22T23:42:52.317+03:00 DEBUG 4560 --- [reelQuill] [    Test worker] org.hibernate.type.BasicTypeRegistry     : Adding type registration OffsetTimeWithTimezone -> org.hibernate.type.BasicTypeReference@5866731
2024-10-22T23:42:52.317+03:00 DEBUG 4560 --- [reelQuill] [    Test worker] org.hibernate.type.BasicTypeRegistry     : Adding type registration OffsetTimeWithoutTimezone -> org.hibernate.type.BasicTypeReference@56a05324
2024-10-22T23:42:52.317+03:00 DEBUG 4560 --- [reelQuill] [    Test worker] org.hibernate.type.BasicTypeRegistry     : Adding type registration ZonedDateTime -> org.hibernate.type.BasicTypeReference@11e71181
2024-10-22T23:42:52.317+03:00 DEBUG 4560 --- [reelQuill] [    Test worker] org.hibernate.type.BasicTypeRegistry     : Adding type registration java.time.ZonedDateTime -> org.hibernate.type.BasicTypeReference@11e71181
2024-10-22T23:42:52.317+03:00 DEBUG 4560 --- [reelQuill] [    Test worker] org.hibernate.type.BasicTypeRegistry     : Adding type registration ZonedDateTimeWithTimezone -> org.hibernate.type.BasicTypeReference@342beaf6
2024-10-22T23:42:52.317+03:00 DEBUG 4560 --- [reelQuill] [    Test worker] org.hibernate.type.BasicTypeRegistry     : Adding type registration ZonedDateTimeWithoutTimezone -> org.hibernate.type.BasicTypeReference@222acad
2024-10-22T23:42:52.317+03:00 DEBUG 4560 --- [reelQuill] [    Test worker] org.hibernate.type.BasicTypeRegistry     : Adding type registration date -> org.hibernate.type.BasicTypeReference@56cfe6be
2024-10-22T23:42:52.317+03:00 DEBUG 4560 --- [reelQuill] [    Test worker] org.hibernate.type.BasicTypeRegistry     : Adding type registration java.sql.Date -> org.hibernate.type.BasicTypeReference@56cfe6be
2024-10-22T23:42:52.317+03:00 DEBUG 4560 --- [reelQuill] [    Test worker] org.hibernate.type.BasicTypeRegistry     : Adding type registration time -> org.hibernate.type.BasicTypeReference@7f0d8eff
2024-10-22T23:42:52.317+03:00 DEBUG 4560 --- [reelQuill] [    Test worker] org.hibernate.type.BasicTypeRegistry     : Adding type registration java.sql.Time -> org.hibernate.type.BasicTypeReference@7f0d8eff
2024-10-22T23:42:52.317+03:00 DEBUG 4560 --- [reelQuill] [    Test worker] org.hibernate.type.BasicTypeRegistry     : Adding type registration timestamp -> org.hibernate.type.BasicTypeReference@149aa7b2
2024-10-22T23:42:52.317+03:00 DEBUG 4560 --- [reelQuill] [    Test worker] org.hibernate.type.BasicTypeRegistry     : Adding type registration java.sql.Timestamp -> org.hibernate.type.BasicTypeReference@149aa7b2
2024-10-22T23:42:52.317+03:00 DEBUG 4560 --- [reelQuill] [    Test worker] org.hibernate.type.BasicTypeRegistry     : Adding type registration java.util.Date -> org.hibernate.type.BasicTypeReference@149aa7b2
2024-10-22T23:42:52.317+03:00 DEBUG 4560 --- [reelQuill] [    Test worker] org.hibernate.type.BasicTypeRegistry     : Adding type registration calendar -> org.hibernate.type.BasicTypeReference@3ca3648
2024-10-22T23:42:52.317+03:00 DEBUG 4560 --- [reelQuill] [    Test worker] org.hibernate.type.BasicTypeRegistry     : Adding type registration java.util.Calendar -> org.hibernate.type.BasicTypeReference@3ca3648
2024-10-22T23:42:52.317+03:00 DEBUG 4560 --- [reelQuill] [    Test worker] org.hibernate.type.BasicTypeRegistry     : Adding type registration java.util.GregorianCalendar -> org.hibernate.type.BasicTypeReference@3ca3648
2024-10-22T23:42:52.317+03:00 DEBUG 4560 --- [reelQuill] [    Test worker] org.hibernate.type.BasicTypeRegistry     : Adding type registration calendar_date -> org.hibernate.type.BasicTypeReference@39f0c343
2024-10-22T23:42:52.317+03:00 DEBUG 4560 --- [reelQuill] [    Test worker] org.hibernate.type.BasicTypeRegistry     : Adding type registration calendar_time -> org.hibernate.type.BasicTypeReference@781654f8
2024-10-22T23:42:52.317+03:00 DEBUG 4560 --- [reelQuill] [    Test worker] org.hibernate.type.BasicTypeRegistry     : Adding type registration instant -> org.hibernate.type.BasicTypeReference@2abc55c4
2024-10-22T23:42:52.317+03:00 DEBUG 4560 --- [reelQuill] [    Test worker] org.hibernate.type.BasicTypeRegistry     : Adding type registration java.time.Instant -> org.hibernate.type.BasicTypeReference@2abc55c4
2024-10-22T23:42:52.317+03:00 DEBUG 4560 --- [reelQuill] [    Test worker] org.hibernate.type.BasicTypeRegistry     : Adding type registration uuid -> org.hibernate.type.BasicTypeReference@4e958f08
2024-10-22T23:42:52.317+03:00 DEBUG 4560 --- [reelQuill] [    Test worker] org.hibernate.type.BasicTypeRegistry     : Adding type registration java.util.UUID -> org.hibernate.type.BasicTypeReference@4e958f08
2024-10-22T23:42:52.317+03:00 DEBUG 4560 --- [reelQuill] [    Test worker] org.hibernate.type.BasicTypeRegistry     : Adding type registration pg-uuid -> org.hibernate.type.BasicTypeReference@4e958f08
2024-10-22T23:42:52.317+03:00 DEBUG 4560 --- [reelQuill] [    Test worker] org.hibernate.type.BasicTypeRegistry     : Adding type registration uuid-binary -> org.hibernate.type.BasicTypeReference@71c0b742
2024-10-22T23:42:52.317+03:00 DEBUG 4560 --- [reelQuill] [    Test worker] org.hibernate.type.BasicTypeRegistry     : Adding type registration uuid-char -> org.hibernate.type.BasicTypeReference@3bbb8c16
2024-10-22T23:42:52.317+03:00 DEBUG 4560 --- [reelQuill] [    Test worker] org.hibernate.type.BasicTypeRegistry     : Adding type registration class -> org.hibernate.type.BasicTypeReference@73e1ecd0
2024-10-22T23:42:52.317+03:00 DEBUG 4560 --- [reelQuill] [    Test worker] org.hibernate.type.BasicTypeRegistry     : Adding type registration java.lang.Class -> org.hibernate.type.BasicTypeReference@73e1ecd0
2024-10-22T23:42:52.317+03:00 DEBUG 4560 --- [reelQuill] [    Test worker] org.hibernate.type.BasicTypeRegistry     : Adding type registration currency -> org.hibernate.type.BasicTypeReference@11eec06b
2024-10-22T23:42:52.317+03:00 DEBUG 4560 --- [reelQuill] [    Test worker] org.hibernate.type.BasicTypeRegistry     : Adding type registration Currency -> org.hibernate.type.BasicTypeReference@11eec06b
2024-10-22T23:42:52.317+03:00 DEBUG 4560 --- [reelQuill] [    Test worker] org.hibernate.type.BasicTypeRegistry     : Adding type registration java.util.Currency -> org.hibernate.type.BasicTypeReference@11eec06b
2024-10-22T23:42:52.317+03:00 DEBUG 4560 --- [reelQuill] [    Test worker] org.hibernate.type.BasicTypeRegistry     : Adding type registration locale -> org.hibernate.type.BasicTypeReference@65600fb3
2024-10-22T23:42:52.317+03:00 DEBUG 4560 --- [reelQuill] [    Test worker] org.hibernate.type.BasicTypeRegistry     : Adding type registration java.util.Locale -> org.hibernate.type.BasicTypeReference@65600fb3
2024-10-22T23:42:52.317+03:00 DEBUG 4560 --- [reelQuill] [    Test worker] org.hibernate.type.BasicTypeRegistry     : Adding type registration serializable -> org.hibernate.type.BasicTypeReference@25ce435
2024-10-22T23:42:52.323+03:00 DEBUG 4560 --- [reelQuill] [    Test worker] org.hibernate.type.BasicTypeRegistry     : Adding type registration java.io.Serializable -> org.hibernate.type.BasicTypeReference@25ce435
2024-10-22T23:42:52.323+03:00 DEBUG 4560 --- [reelQuill] [    Test worker] org.hibernate.type.BasicTypeRegistry     : Adding type registration timezone -> org.hibernate.type.BasicTypeReference@7ea71fc2
2024-10-22T23:42:52.323+03:00 DEBUG 4560 --- [reelQuill] [    Test worker] org.hibernate.type.BasicTypeRegistry     : Adding type registration java.util.TimeZone -> org.hibernate.type.BasicTypeReference@7ea71fc2
2024-10-22T23:42:52.323+03:00 DEBUG 4560 --- [reelQuill] [    Test worker] org.hibernate.type.BasicTypeRegistry     : Adding type registration ZoneOffset -> org.hibernate.type.BasicTypeReference@19ad75e5
2024-10-22T23:42:52.323+03:00 DEBUG 4560 --- [reelQuill] [    Test worker] org.hibernate.type.BasicTypeRegistry     : Adding type registration java.time.ZoneOffset -> org.hibernate.type.BasicTypeReference@19ad75e5
2024-10-22T23:42:52.323+03:00 DEBUG 4560 --- [reelQuill] [    Test worker] org.hibernate.type.BasicTypeRegistry     : Adding type registration url -> org.hibernate.type.BasicTypeReference@7cd5fcf4
2024-10-22T23:42:52.323+03:00 DEBUG 4560 --- [reelQuill] [    Test worker] org.hibernate.type.BasicTypeRegistry     : Adding type registration java.net.URL -> org.hibernate.type.BasicTypeReference@7cd5fcf4
2024-10-22T23:42:52.323+03:00 DEBUG 4560 --- [reelQuill] [    Test worker] org.hibernate.type.BasicTypeRegistry     : Adding type registration vector -> org.hibernate.type.BasicTypeReference@19cdc217
2024-10-22T23:42:52.323+03:00 DEBUG 4560 --- [reelQuill] [    Test worker] org.hibernate.type.BasicTypeRegistry     : Adding type registration row_version -> org.hibernate.type.BasicTypeReference@5f5297e3
2024-10-22T23:42:52.328+03:00 DEBUG 4560 --- [reelQuill] [    Test worker] org.hibernate.type.BasicTypeRegistry     : Adding type registration object -> org.hibernate.type.JavaObjectType@42d9e8d2
2024-10-22T23:42:52.328+03:00 DEBUG 4560 --- [reelQuill] [    Test worker] org.hibernate.type.BasicTypeRegistry     : Adding type registration java.lang.Object -> org.hibernate.type.JavaObjectType@42d9e8d2
2024-10-22T23:42:52.328+03:00 DEBUG 4560 --- [reelQuill] [    Test worker] org.hibernate.type.BasicTypeRegistry     : Adding type registration null -> org.hibernate.type.NullType@1b46392c
2024-10-22T23:42:52.328+03:00 DEBUG 4560 --- [reelQuill] [    Test worker] org.hibernate.type.BasicTypeRegistry     : Adding type registration imm_date -> org.hibernate.type.BasicTypeReference@cf01c2e
2024-10-22T23:42:52.328+03:00 DEBUG 4560 --- [reelQuill] [    Test worker] org.hibernate.type.BasicTypeRegistry     : Adding type registration imm_time -> org.hibernate.type.BasicTypeReference@6f15f52a
2024-10-22T23:42:52.328+03:00 DEBUG 4560 --- [reelQuill] [    Test worker] org.hibernate.type.BasicTypeRegistry     : Adding type registration imm_timestamp -> org.hibernate.type.BasicTypeReference@1eb9bf60
2024-10-22T23:42:52.328+03:00 DEBUG 4560 --- [reelQuill] [    Test worker] org.hibernate.type.BasicTypeRegistry     : Adding type registration imm_calendar -> org.hibernate.type.BasicTypeReference@341c6ac2
2024-10-22T23:42:52.328+03:00 DEBUG 4560 --- [reelQuill] [    Test worker] org.hibernate.type.BasicTypeRegistry     : Adding type registration imm_calendar_date -> org.hibernate.type.BasicTypeReference@38811103
2024-10-22T23:42:52.328+03:00 DEBUG 4560 --- [reelQuill] [    Test worker] org.hibernate.type.BasicTypeRegistry     : Adding type registration imm_calendar_time -> org.hibernate.type.BasicTypeReference@787d1f9c
2024-10-22T23:42:52.328+03:00 DEBUG 4560 --- [reelQuill] [    Test worker] org.hibernate.type.BasicTypeRegistry     : Adding type registration imm_binary -> org.hibernate.type.BasicTypeReference@2becfd4c
2024-10-22T23:42:52.328+03:00 DEBUG 4560 --- [reelQuill] [    Test worker] org.hibernate.type.BasicTypeRegistry     : Adding type registration imm_serializable -> org.hibernate.type.BasicTypeReference@7c71c889
2024-10-22T23:42:52.328+03:00 DEBUG 4560 --- [reelQuill] [    Test worker] o.h.boot.internal.BootstrapContextImpl   : Injecting JPA temp ClassLoader [org.springframework.instrument.classloading.SimpleThrowawayClassLoader@24a4e2c5] into BootstrapContext; was [null]
2024-10-22T23:42:52.328+03:00 DEBUG 4560 --- [reelQuill] [    Test worker] o.h.boot.internal.ClassLoaderAccessImpl  : ClassLoaderAccessImpl#injectTempClassLoader(org.springframework.instrument.classloading.SimpleThrowawayClassLoader@24a4e2c5) [was null]
2024-10-22T23:42:52.328+03:00 DEBUG 4560 --- [reelQuill] [    Test worker] o.h.boot.internal.BootstrapContextImpl   : Injecting ScanEnvironment [org.hibernate.jpa.boot.internal.StandardJpaScanEnvironmentImpl@73e4bb60] into BootstrapContext; was [null]
2024-10-22T23:42:52.337+03:00 DEBUG 4560 --- [reelQuill] [    Test worker] o.h.boot.internal.BootstrapContextImpl   : Injecting ScanOptions [org.hibernate.boot.archive.scan.internal.StandardScanOptions@9a9aa68] into BootstrapContext; was [org.hibernate.boot.archive.scan.internal.StandardScanOptions@3a3883c4]
2024-10-22T23:42:52.513+03:00  INFO 4560 --- [reelQuill] [    Test worker] o.s.o.j.p.SpringPersistenceUnitInfo      : No LoadTimeWeaver setup: ignoring JPA class transformer
2024-10-22T23:42:52.513+03:00 DEBUG 4560 --- [reelQuill] [    Test worker] o.h.boot.internal.BootstrapContextImpl   : Injecting JPA temp ClassLoader [null] into BootstrapContext; was [org.springframework.instrument.classloading.SimpleThrowawayClassLoader@24a4e2c5]
2024-10-22T23:42:52.517+03:00 DEBUG 4560 --- [reelQuill] [    Test worker] o.h.boot.internal.ClassLoaderAccessImpl  : ClassLoaderAccessImpl#injectTempClassLoader(null) [was org.springframework.instrument.classloading.SimpleThrowawayClassLoader@24a4e2c5]
2024-10-22T23:42:52.537+03:00 DEBUG 4560 --- [reelQuill] [    Test worker] com.zaxxer.hikari.HikariConfig           : HikariPool-1 - configuration:
2024-10-22T23:42:52.537+03:00 DEBUG 4560 --- [reelQuill] [    Test worker] com.zaxxer.hikari.HikariConfig           : allowPoolSuspension.............false
2024-10-22T23:42:52.537+03:00 DEBUG 4560 --- [reelQuill] [    Test worker] com.zaxxer.hikari.HikariConfig           : autoCommit......................true
2024-10-22T23:42:52.537+03:00 DEBUG 4560 --- [reelQuill] [    Test worker] com.zaxxer.hikari.HikariConfig           : catalog.........................none
2024-10-22T23:42:52.537+03:00 DEBUG 4560 --- [reelQuill] [    Test worker] com.zaxxer.hikari.HikariConfig           : connectionInitSql...............none
2024-10-22T23:42:52.537+03:00 DEBUG 4560 --- [reelQuill] [    Test worker] com.zaxxer.hikari.HikariConfig           : connectionTestQuery.............none
2024-10-22T23:42:52.537+03:00 DEBUG 4560 --- [reelQuill] [    Test worker] com.zaxxer.hikari.HikariConfig           : connectionTimeout...............30000
2024-10-22T23:42:52.537+03:00 DEBUG 4560 --- [reelQuill] [    Test worker] com.zaxxer.hikari.HikariConfig           : dataSource......................none
2024-10-22T23:42:52.537+03:00 DEBUG 4560 --- [reelQuill] [    Test worker] com.zaxxer.hikari.HikariConfig           : dataSourceClassName.............none
2024-10-22T23:42:52.537+03:00 DEBUG 4560 --- [reelQuill] [    Test worker] com.zaxxer.hikari.HikariConfig           : dataSourceJNDI..................none
2024-10-22T23:42:52.545+03:00 DEBUG 4560 --- [reelQuill] [    Test worker] com.zaxxer.hikari.HikariConfig           : dataSourceProperties............{password=<masked>}
2024-10-22T23:42:52.545+03:00 DEBUG 4560 --- [reelQuill] [    Test worker] com.zaxxer.hikari.HikariConfig           : driverClassName................."org.postgresql.Driver"
2024-10-22T23:42:52.545+03:00 DEBUG 4560 --- [reelQuill] [    Test worker] com.zaxxer.hikari.HikariConfig           : exceptionOverrideClassName......none
2024-10-22T23:42:52.545+03:00 DEBUG 4560 --- [reelQuill] [    Test worker] com.zaxxer.hikari.HikariConfig           : healthCheckProperties...........{}
2024-10-22T23:42:52.545+03:00 DEBUG 4560 --- [reelQuill] [    Test worker] com.zaxxer.hikari.HikariConfig           : healthCheckRegistry.............none
2024-10-22T23:42:52.545+03:00 DEBUG 4560 --- [reelQuill] [    Test worker] com.zaxxer.hikari.HikariConfig           : idleTimeout.....................600000
2024-10-22T23:42:52.545+03:00 DEBUG 4560 --- [reelQuill] [    Test worker] com.zaxxer.hikari.HikariConfig           : initializationFailTimeout.......1
2024-10-22T23:42:52.547+03:00 DEBUG 4560 --- [reelQuill] [    Test worker] com.zaxxer.hikari.HikariConfig           : isolateInternalQueries..........false
2024-10-22T23:42:52.547+03:00 DEBUG 4560 --- [reelQuill] [    Test worker] com.zaxxer.hikari.HikariConfig           : jdbcUrl.........................jdbc:postgresql://localhost:5432/ReelQuill
2024-10-22T23:42:52.547+03:00 DEBUG 4560 --- [reelQuill] [    Test worker] com.zaxxer.hikari.HikariConfig           : keepaliveTime...................0
2024-10-22T23:42:52.547+03:00 DEBUG 4560 --- [reelQuill] [    Test worker] com.zaxxer.hikari.HikariConfig           : leakDetectionThreshold..........0
2024-10-22T23:42:52.547+03:00 DEBUG 4560 --- [reelQuill] [    Test worker] com.zaxxer.hikari.HikariConfig           : maxLifetime.....................1800000
2024-10-22T23:42:52.547+03:00 DEBUG 4560 --- [reelQuill] [    Test worker] com.zaxxer.hikari.HikariConfig           : maximumPoolSize.................10
2024-10-22T23:42:52.547+03:00 DEBUG 4560 --- [reelQuill] [    Test worker] com.zaxxer.hikari.HikariConfig           : metricRegistry..................none
2024-10-22T23:42:52.547+03:00 DEBUG 4560 --- [reelQuill] [    Test worker] com.zaxxer.hikari.HikariConfig           : metricsTrackerFactory...........none
2024-10-22T23:42:52.547+03:00 DEBUG 4560 --- [reelQuill] [    Test worker] com.zaxxer.hikari.HikariConfig           : minimumIdle.....................10
2024-10-22T23:42:52.547+03:00 DEBUG 4560 --- [reelQuill] [    Test worker] com.zaxxer.hikari.HikariConfig           : password........................<masked>
2024-10-22T23:42:52.547+03:00 DEBUG 4560 --- [reelQuill] [    Test worker] com.zaxxer.hikari.HikariConfig           : poolName........................"HikariPool-1"
2024-10-22T23:42:52.547+03:00 DEBUG 4560 --- [reelQuill] [    Test worker] com.zaxxer.hikari.HikariConfig           : readOnly........................false
2024-10-22T23:42:52.547+03:00 DEBUG 4560 --- [reelQuill] [    Test worker] com.zaxxer.hikari.HikariConfig           : registerMbeans..................false
2024-10-22T23:42:52.547+03:00 DEBUG 4560 --- [reelQuill] [    Test worker] com.zaxxer.hikari.HikariConfig           : scheduledExecutor...............none
2024-10-22T23:42:52.547+03:00 DEBUG 4560 --- [reelQuill] [    Test worker] com.zaxxer.hikari.HikariConfig           : schema..........................none
2024-10-22T23:42:52.547+03:00 DEBUG 4560 --- [reelQuill] [    Test worker] com.zaxxer.hikari.HikariConfig           : threadFactory...................internal
2024-10-22T23:42:52.547+03:00 DEBUG 4560 --- [reelQuill] [    Test worker] com.zaxxer.hikari.HikariConfig           : transactionIsolation............default
2024-10-22T23:42:52.547+03:00 DEBUG 4560 --- [reelQuill] [    Test worker] com.zaxxer.hikari.HikariConfig           : username........................"postgres"
2024-10-22T23:42:52.547+03:00 DEBUG 4560 --- [reelQuill] [    Test worker] com.zaxxer.hikari.HikariConfig           : validationTimeout...............5000
2024-10-22T23:42:52.547+03:00  INFO 4560 --- [reelQuill] [    Test worker] com.zaxxer.hikari.HikariDataSource       : HikariPool-1 - Starting...
2024-10-22T23:42:52.562+03:00 DEBUG 4560 --- [reelQuill] [    Test worker] org.postgresql.Driver                    : Loading driver configuration via classloader jdk.internal.loader.ClassLoaders$AppClassLoader@33909752
2024-10-22T23:42:52.562+03:00 DEBUG 4560 --- [reelQuill] [    Test worker] org.postgresql.Driver                    : Connecting with URL: jdbc:postgresql://localhost:5432/ReelQuill
2024-10-22T23:42:52.567+03:00 DEBUG 4560 --- [reelQuill] [    Test worker] org.postgresql.jdbc.PgConnection         : PostgreSQL JDBC Driver 42.7.4
2024-10-22T23:42:52.567+03:00 DEBUG 4560 --- [reelQuill] [    Test worker] org.postgresql.jdbc.PgConnection         :   setDefaultFetchSize = 0
2024-10-22T23:42:52.567+03:00 DEBUG 4560 --- [reelQuill] [    Test worker] org.postgresql.jdbc.PgConnection         :   setPrepareThreshold = 5
2024-10-22T23:42:52.567+03:00 DEBUG 4560 --- [reelQuill] [    Test worker] o.p.core.v3.ConnectionFactoryImpl        : Trying to establish a protocol version 3 connection to localhost:5432
2024-10-22T23:42:52.587+03:00 DEBUG 4560 --- [reelQuill] [    Test worker] o.p.core.v3.ConnectionFactoryImpl        : Receive Buffer Size is 65.536
2024-10-22T23:42:52.587+03:00 DEBUG 4560 --- [reelQuill] [    Test worker] o.p.core.v3.ConnectionFactoryImpl        : Send Buffer Size is 65.536
2024-10-22T23:42:52.678+03:00  INFO 4560 --- [reelQuill] [    Test worker] com.zaxxer.hikari.pool.HikariPool        : HikariPool-1 - Added connection org.postgresql.jdbc.PgConnection@38fb151a
2024-10-22T23:42:52.678+03:00  INFO 4560 --- [reelQuill] [    Test worker] com.zaxxer.hikari.HikariDataSource       : HikariPool-1 - Start completed.
2024-10-22T23:42:52.678+03:00 DEBUG 4560 --- [reelQuill] [    Test worker] o.h.e.j.e.i.JdbcEnvironmentInitiator     : Database ->
	   name : PostgreSQL
	version : 15.8
	  major : 15
	  minor : 8
2024-10-22T23:42:52.678+03:00 DEBUG 4560 --- [reelQuill] [    Test worker] o.h.e.j.e.i.JdbcEnvironmentInitiator     : Driver ->
	   name : PostgreSQL JDBC Driver
	version : 42.7.4
	  major : 42
	  minor : 7
2024-10-22T23:42:52.678+03:00 DEBUG 4560 --- [reelQuill] [    Test worker] o.h.e.j.e.i.JdbcEnvironmentInitiator     : JDBC version : 4.2
2024-10-22T23:42:52.718+03:00 DEBUG 4560 --- [reelQuill] [    Test worker] org.hibernate.orm.dialect                : HHH035001: Using dialect: org.hibernate.dialect.PostgreSQLDialect, version: 15.8
2024-10-22T23:42:52.721+03:00 DEBUG 4560 --- [reelQuill] [    Test worker] o.h.e.j.env.spi.IdentifierHelperBuilder  : JDBC driver metadata reported database stores quoted identifiers in neither upper, lower nor mixed case
2024-10-22T23:42:52.727+03:00 DEBUG 4560 --- [reelQuill] [    Test worker] org.hibernate.orm.jdbc.lob               : HHH10010004: Disabling contextual LOB creation as Dialect reported it is not supported
2024-10-22T23:42:52.748+03:00 DEBUG 4560 --- [reelQuill] [    Test worker] o.h.t.d.sql.spi.DdlTypeRegistry          : addDescriptor(2003, org.hibernate.type.descriptor.sql.internal.ArrayDdlTypeImpl@6654ca0d) replaced previous registration(org.hibernate.type.descriptor.sql.internal.ArrayDdlTypeImpl@35536760)
2024-10-22T23:42:52.748+03:00 DEBUG 4560 --- [reelQuill] [    Test worker] o.h.t.d.sql.spi.DdlTypeRegistry          : addDescriptor(6, org.hibernate.type.descriptor.sql.internal.CapacityDependentDdlType@1c8f71a7) replaced previous registration(org.hibernate.type.descriptor.sql.internal.DdlTypeImpl@27e21083)
2024-10-22T23:42:52.748+03:00 DEBUG 4560 --- [reelQuill] [    Test worker] o.h.t.d.jdbc.spi.JdbcTypeRegistry        : addDescriptor(2004, BlobTypeDescriptor(BLOB_BINDING)) replaced previous registration(BlobTypeDescriptor(DEFAULT))
2024-10-22T23:42:52.748+03:00 DEBUG 4560 --- [reelQuill] [    Test worker] o.h.t.d.jdbc.spi.JdbcTypeRegistry        : addDescriptor(2005, ClobTypeDescriptor(CLOB_BINDING)) replaced previous registration(ClobTypeDescriptor(DEFAULT))
2024-10-22T23:42:52.754+03:00 DEBUG 4560 --- [reelQuill] [    Test worker] org.hibernate.type.BasicTypeRegistry     : Adding type registration JAVA_OBJECT -> org.hibernate.type.JavaObjectType@2b4829aa
2024-10-22T23:42:52.754+03:00 DEBUG 4560 --- [reelQuill] [    Test worker] org.hibernate.type.BasicTypeRegistry     : Adding type registration java.lang.Object -> org.hibernate.type.JavaObjectType@2b4829aa
2024-10-22T23:42:52.754+03:00 DEBUG 4560 --- [reelQuill] [    Test worker] org.hibernate.type.BasicTypeRegistry     : Type registration key [java.lang.Object] overrode previous entry : `org.hibernate.type.JavaObjectType@42d9e8d2`
2024-10-22T23:42:52.758+03:00 DEBUG 4560 --- [reelQuill] [    Test worker] org.hibernate.type.BasicTypeRegistry     : Adding type registration org.hibernate.type.DurationType -> basicType@1(java.time.Duration,3015)
2024-10-22T23:42:52.758+03:00 DEBUG 4560 --- [reelQuill] [    Test worker] org.hibernate.type.BasicTypeRegistry     : Adding type registration Duration -> basicType@1(java.time.Duration,3015)
2024-10-22T23:42:52.758+03:00 DEBUG 4560 --- [reelQuill] [    Test worker] org.hibernate.type.BasicTypeRegistry     : Adding type registration java.time.Duration -> basicType@1(java.time.Duration,3015)
2024-10-22T23:42:52.762+03:00 DEBUG 4560 --- [reelQuill] [    Test worker] org.hibernate.type.BasicTypeRegistry     : Adding type registration org.hibernate.type.OffsetDateTimeType -> basicType@2(java.time.OffsetDateTime,3003)
2024-10-22T23:42:52.762+03:00 DEBUG 4560 --- [reelQuill] [    Test worker] org.hibernate.type.BasicTypeRegistry     : Adding type registration OffsetDateTime -> basicType@2(java.time.OffsetDateTime,3003)
2024-10-22T23:42:52.762+03:00 DEBUG 4560 --- [reelQuill] [    Test worker] org.hibernate.type.BasicTypeRegistry     : Adding type registration java.time.OffsetDateTime -> basicType@2(java.time.OffsetDateTime,3003)
2024-10-22T23:42:52.762+03:00 DEBUG 4560 --- [reelQuill] [    Test worker] org.hibernate.type.BasicTypeRegistry     : Adding type registration org.hibernate.type.ZonedDateTimeType -> basicType@3(java.time.ZonedDateTime,3003)
2024-10-22T23:42:52.762+03:00 DEBUG 4560 --- [reelQuill] [    Test worker] org.hibernate.type.BasicTypeRegistry     : Adding type registration ZonedDateTime -> basicType@3(java.time.ZonedDateTime,3003)
2024-10-22T23:42:52.762+03:00 DEBUG 4560 --- [reelQuill] [    Test worker] org.hibernate.type.BasicTypeRegistry     : Adding type registration java.time.ZonedDateTime -> basicType@3(java.time.ZonedDateTime,3003)
2024-10-22T23:42:52.762+03:00 DEBUG 4560 --- [reelQuill] [    Test worker] org.hibernate.type.BasicTypeRegistry     : Adding type registration org.hibernate.type.OffsetTimeType -> basicType@4(java.time.OffsetTime,3007)
2024-10-22T23:42:52.762+03:00 DEBUG 4560 --- [reelQuill] [    Test worker] org.hibernate.type.BasicTypeRegistry     : Adding type registration OffsetTime -> basicType@4(java.time.OffsetTime,3007)
2024-10-22T23:42:52.762+03:00 DEBUG 4560 --- [reelQuill] [    Test worker] org.hibernate.type.BasicTypeRegistry     : Adding type registration java.time.OffsetTime -> basicType@4(java.time.OffsetTime,3007)
2024-10-22T23:42:52.762+03:00 DEBUG 4560 --- [reelQuill] [    Test worker] o.h.type.spi.TypeConfiguration$Scope     : Scoping TypeConfiguration [org.hibernate.type.spi.TypeConfiguration@31b6fb14] to MetadataBuildingContext [org.hibernate.boot.internal.MetadataBuildingContextRootImpl@3eee08f5]
2024-10-22T23:42:52.786+03:00 DEBUG 4560 --- [reelQuill] [l-1 housekeeper] com.zaxxer.hikari.pool.HikariPool        : HikariPool-1 - Pool stats (total=1, active=0, idle=1, waiting=0)
2024-10-22T23:42:52.786+03:00 DEBUG 4560 --- [reelQuill] [onnection adder] org.postgresql.Driver                    : Connecting with URL: jdbc:postgresql://localhost:5432/ReelQuill
2024-10-22T23:42:52.786+03:00 DEBUG 4560 --- [reelQuill] [onnection adder] org.postgresql.jdbc.PgConnection         : PostgreSQL JDBC Driver 42.7.4
2024-10-22T23:42:52.787+03:00 DEBUG 4560 --- [reelQuill] [onnection adder] org.postgresql.jdbc.PgConnection         :   setDefaultFetchSize = 0
2024-10-22T23:42:52.787+03:00 DEBUG 4560 --- [reelQuill] [onnection adder] org.postgresql.jdbc.PgConnection         :   setPrepareThreshold = 5
2024-10-22T23:42:52.787+03:00 DEBUG 4560 --- [reelQuill] [onnection adder] o.p.core.v3.ConnectionFactoryImpl        : Trying to establish a protocol version 3 connection to localhost:5432
2024-10-22T23:42:52.787+03:00 DEBUG 4560 --- [reelQuill] [onnection adder] o.p.core.v3.ConnectionFactoryImpl        : Receive Buffer Size is 65.536
2024-10-22T23:42:52.787+03:00 DEBUG 4560 --- [reelQuill] [onnection adder] o.p.core.v3.ConnectionFactoryImpl        : Send Buffer Size is 65.536
2024-10-22T23:42:52.787+03:00 DEBUG 4560 --- [reelQuill] [    Test worker] o.h.boot.model.relational.Namespace      : Created database namespace [logicalName=Name{catalog=null, schema=null}, physicalName=Name{catalog=null, schema=null}]
2024-10-22T23:42:52.807+03:00 DEBUG 4560 --- [reelQuill] [    Test worker] o.h.boot.model.internal.EntityBinder     : Binding entity from annotated class: com.example.reelquill.model.Friend
2024-10-22T23:42:52.807+03:00 DEBUG 4560 --- [reelQuill] [    Test worker] o.h.boot.model.internal.EntityBinder     : Import with entity name Friend
2024-10-22T23:42:52.827+03:00 DEBUG 4560 --- [reelQuill] [    Test worker] o.h.boot.model.internal.EntityBinder     : Bind entity com.example.reelquill.model.Friend on table friends
2024-10-22T23:42:52.827+03:00 DEBUG 4560 --- [reelQuill] [onnection adder] com.zaxxer.hikari.pool.HikariPool        : HikariPool-1 - Added connection org.postgresql.jdbc.PgConnection@2789e8d8
2024-10-22T23:42:52.837+03:00 DEBUG 4560 --- [reelQuill] [    Test worker] o.h.boot.model.internal.AnnotatedColumn  : Binding column: AnnotatedDiscriminatorColumn(column='DTYPE')
2024-10-22T23:42:52.865+03:00 DEBUG 4560 --- [reelQuill] [onnection adder] com.zaxxer.hikari.pool.HikariPool        : HikariPool-1 - After adding stats (total=2, active=0, idle=2, waiting=0)
2024-10-22T23:42:52.865+03:00 DEBUG 4560 --- [reelQuill] [onnection adder] org.postgresql.Driver                    : Connecting with URL: jdbc:postgresql://localhost:5432/ReelQuill
2024-10-22T23:42:52.865+03:00 DEBUG 4560 --- [reelQuill] [onnection adder] org.postgresql.jdbc.PgConnection         : PostgreSQL JDBC Driver 42.7.4
2024-10-22T23:42:52.865+03:00 DEBUG 4560 --- [reelQuill] [onnection adder] org.postgresql.jdbc.PgConnection         :   setDefaultFetchSize = 0
2024-10-22T23:42:52.865+03:00 DEBUG 4560 --- [reelQuill] [onnection adder] org.postgresql.jdbc.PgConnection         :   setPrepareThreshold = 5
2024-10-22T23:42:52.865+03:00 DEBUG 4560 --- [reelQuill] [onnection adder] o.p.core.v3.ConnectionFactoryImpl        : Trying to establish a protocol version 3 connection to localhost:5432
2024-10-22T23:42:52.865+03:00 DEBUG 4560 --- [reelQuill] [onnection adder] o.p.core.v3.ConnectionFactoryImpl        : Receive Buffer Size is 65.536
2024-10-22T23:42:52.865+03:00 DEBUG 4560 --- [reelQuill] [onnection adder] o.p.core.v3.ConnectionFactoryImpl        : Send Buffer Size is 65.536
2024-10-22T23:42:52.867+03:00 DEBUG 4560 --- [reelQuill] [    Test worker] o.h.boot.model.internal.AnnotatedColumn  : Binding column: AnnotatedColumn()
2024-10-22T23:42:52.867+03:00 DEBUG 4560 --- [reelQuill] [    Test worker] o.h.boot.internal.ClassLoaderAccessImpl  : Not known whether passed class name [com.example.reelquill.model.Friend] is safe
2024-10-22T23:42:52.867+03:00 DEBUG 4560 --- [reelQuill] [    Test worker] o.h.boot.internal.ClassLoaderAccessImpl  : No temp ClassLoader provided; using live ClassLoader for loading potentially unsafe class : com.example.reelquill.model.Friend
2024-10-22T23:42:52.867+03:00 DEBUG 4560 --- [reelQuill] [    Test worker] o.h.boot.model.internal.PropertyBinder   : MetadataSourceProcessor property id with lazy=false
2024-10-22T23:42:52.877+03:00 DEBUG 4560 --- [reelQuill] [    Test worker] o.h.b.m.internal.AbstractPropertyHolder  : Attempting to locate auto-apply AttributeConverter for property [com.example.reelquill.model.Friend:id]
2024-10-22T23:42:52.881+03:00 DEBUG 4560 --- [reelQuill] [    Test worker] o.h.b.model.internal.BasicValueBinder    : building BasicValue for id
2024-10-22T23:42:52.881+03:00 DEBUG 4560 --- [reelQuill] [    Test worker] org.hibernate.mapping.BasicValue         : Skipping column re-registration: friends.id
2024-10-22T23:42:52.887+03:00 DEBUG 4560 --- [reelQuill] [    Test worker] o.h.boot.model.internal.PropertyBinder   : Building property id
2024-10-22T23:42:52.887+03:00 DEBUG 4560 --- [reelQuill] [    Test worker] o.h.boot.model.internal.BinderHelper     : #makeIdGenerator(BasicValue([Column(id)]), id, identity, , ...)
2024-10-22T23:42:52.887+03:00 DEBUG 4560 --- [reelQuill] [    Test worker] o.h.boot.model.internal.AnnotatedColumn  : Binding column: AnnotatedColumn(column='friend_id')
2024-10-22T23:42:52.887+03:00 DEBUG 4560 --- [reelQuill] [    Test worker] o.h.boot.model.internal.PropertyBinder   : MetadataSourceProcessor property friendId with lazy=false
2024-10-22T23:42:52.887+03:00 DEBUG 4560 --- [reelQuill] [    Test worker] o.h.b.m.internal.AbstractPropertyHolder  : Attempting to locate auto-apply AttributeConverter for property [com.example.reelquill.model.Friend:friendId]
2024-10-22T23:42:52.887+03:00 DEBUG 4560 --- [reelQuill] [    Test worker] o.h.b.model.internal.BasicValueBinder    : building BasicValue for friendId
2024-10-22T23:42:52.887+03:00 DEBUG 4560 --- [reelQuill] [    Test worker] org.hibernate.mapping.BasicValue         : Skipping column re-registration: friends.friend_id
2024-10-22T23:42:52.887+03:00 DEBUG 4560 --- [reelQuill] [    Test worker] o.h.boot.model.internal.PropertyBinder   : Building property friendId
[...]
----------------------

    org.springframework.boot.autoconfigure.context.ConfigurationPropertiesAutoConfiguration

    org.springframework.boot.autoconfigure.ssl.SslAutoConfiguration

    org.springframework.boot.autoconfigure.context.LifecycleAutoConfiguration

    org.springframework.boot.autoconfigure.context.PropertyPlaceholderAutoConfiguration

    org.springframework.boot.autoconfigure.availability.ApplicationAvailabilityAutoConfiguration

    org.springframework.boot.autoconfigure.info.ProjectInfoAutoConfiguration



2024-10-22T23:42:54.623+03:00  INFO 4560 --- [reelQuill] [    Test worker] c.e.reelquill.ReelQuillApplicationTests  : Started ReelQuillApplicationTests in 3.816 seconds (process running for 4.768)
2024-10-22T23:42:54.623+03:00 DEBUG 4560 --- [reelQuill] [    Test worker] o.s.b.a.ApplicationAvailabilityBean      : Application availability state LivenessState changed to CORRECT
2024-10-22T23:42:54.628+03:00 DEBUG 4560 --- [reelQuill] [    Test worker] o.s.b.a.ApplicationAvailabilityBean      : Application availability state ReadinessState changed to ACCEPTING_TRAFFIC
2024-10-22T23:42:54.628+03:00 DEBUG 4560 --- [reelQuill] [    Test worker] org.springframework.test.context.cache   : Spring test ApplicationContext cache statistics: [DefaultContextCache@5f815f93 size = 1, maxSize = 32, parentContextCount = 0, hitCount = 0, missCount = 1, failureCount = 0]
2024-10-22T23:42:54.628+03:00 DEBUG 4560 --- [reelQuill] [    Test worker] o.s.t.c.w.ServletTestExecutionListener   : Setting up MockHttpServletRequest, MockHttpServletResponse, ServletWebRequest, and RequestContextHolder for test class com.example.reelquill.ReelQuillApplicationTests
2024-10-22T23:42:54.647+03:00 DEBUG 4560 --- [reelQuill] [    Test worker] DependencyInjectionTestExecutionListener : Performing dependency injection for test class com.example.reelquill.ReelQuillApplicationTests
2024-10-22T23:42:54.647+03:00 DEBUG 4560 --- [reelQuill] [    Test worker] org.springframework.test.context.cache   : Spring test ApplicationContext cache statistics: [DefaultContextCache@5f815f93 size = 1, maxSize = 32, parentContextCount = 0, hitCount = 1, missCount = 1, failureCount = 0]
2024-10-22T23:42:54.647+03:00 DEBUG 4560 --- [reelQuill] [    Test worker] org.springframework.test.context.cache   : Spring test ApplicationContext cache statistics: [DefaultContextCache@5f815f93 size = 1, maxSize = 32, parentContextCount = 0, hitCount = 2, missCount = 1, failureCount = 0]
2024-10-22T23:42:54.647+03:00 DEBUG 4560 --- [reelQuill] [    Test worker] sContextBeforeModesTestExecutionListener : Before test method: class [ReelQuillApplicationTests], method [contextLoads], class annotated with @DirtiesContext [false] with mode [null], method annotated with @DirtiesContext [false] with mode [null]
2024-10-22T23:42:54.655+03:00 DEBUG 4560 --- [reelQuill] [    Test worker] org.springframework.test.context.cache   : Spring test ApplicationContext cache statistics: [DefaultContextCache@5f815f93 size = 1, maxSize = 32, parentContextCount = 0, hitCount = 3, missCount = 1, failureCount = 0]
2024-10-22T23:42:54.655+03:00 DEBUG 4560 --- [reelQuill] [    Test worker] org.springframework.test.context.cache   : Spring test ApplicationContext cache statistics: [DefaultContextCache@5f815f93 size = 1, maxSize = 32, parentContextCount = 0, hitCount = 4, missCount = 1, failureCount = 0]
2024-10-22T23:42:54.677+03:00 DEBUG 4560 --- [reelQuill] [    Test worker] java.lang.ProcessBuilder                 : ProcessBuilder.start(): pid: 3156, dir: null, cmd: "C:\Program Files\Java\jdk-23\bin\java.exe"

java.lang.RuntimeException: ProcessBuilder.start() debug
	at java.base/java.lang.ProcessBuilder.start(ProcessBuilder.java:1147) ~[na:na]
	at java.base/java.lang.ProcessBuilder.start(ProcessBuilder.java:1089) ~[na:na]
	at net.bytebuddy.agent.ByteBuddyAgent.installExternal(ByteBuddyAgent.java:673) ~[byte-buddy-agent-1.14.19.jar:na]
	at net.bytebuddy.agent.ByteBuddyAgent.install(ByteBuddyAgent.java:604) ~[byte-buddy-agent-1.14.19.jar:na]
	at net.bytebuddy.agent.ByteBuddyAgent.install(ByteBuddyAgent.java:584) ~[byte-buddy-agent-1.14.19.jar:na]
	at net.bytebuddy.agent.ByteBuddyAgent.install(ByteBuddyAgent.java:536) ~[byte-buddy-agent-1.14.19.jar:na]
	at net.bytebuddy.agent.ByteBuddyAgent.install(ByteBuddyAgent.java:513) ~[byte-buddy-agent-1.14.19.jar:na]
	at org.mockito.internal.creation.bytebuddy.InlineDelegateByteBuddyMockMaker.<clinit>(InlineDelegateByteBuddyMockMaker.java:133) ~[mockito-core-5.11.0.jar:na]
	at org.mockito.internal.creation.bytebuddy.InlineByteBuddyMockMaker.<init>(InlineByteBuddyMockMaker.java:23) ~[mockito-core-5.11.0.jar:na]
	at java.base/jdk.internal.reflect.DirectConstructorHandleAccessor.newInstance(DirectConstructorHandleAccessor.java:62) ~[na:na]
	at java.base/java.lang.reflect.Constructor.newInstanceWithCaller(Constructor.java:501) ~[na:na]
	at java.base/java.lang.reflect.Constructor.newInstance(Constructor.java:485) ~[na:na]
	at org.mockito.internal.configuration.plugins.DefaultMockitoPlugins.create(DefaultMockitoPlugins.java:103) ~[mockito-core-5.11.0.jar:na]
	at org.mockito.internal.configuration.plugins.DefaultMockitoPlugins.getDefaultPlugin(DefaultMockitoPlugins.java:79) ~[mockito-core-5.11.0.jar:na]
	at org.mockito.internal.configuration.plugins.PluginLoader.loadPlugin(PluginLoader.java:75) ~[mockito-core-5.11.0.jar:na]
	at org.mockito.internal.configuration.plugins.PluginLoader.loadPlugin(PluginLoader.java:49) ~[mockito-core-5.11.0.jar:na]
	at org.mockito.internal.configuration.plugins.PluginRegistry.<init>(PluginRegistry.java:29) ~[mockito-core-5.11.0.jar:na]
	at org.mockito.internal.configuration.plugins.Plugins.<clinit>(Plugins.java:26) ~[mockito-core-5.11.0.jar:na]
	at org.mockito.internal.MockitoCore.<clinit>(MockitoCore.java:71) ~[mockito-core-5.11.0.jar:na]
	at org.mockito.Mockito.<clinit>(Mockito.java:1683) ~[mockito-core-5.11.0.jar:na]
	at org.springframework.boot.test.mock.mockito.MockReset.get(MockReset.java:105) ~[spring-boot-test-3.3.4.jar:3.3.4]
	at org.springframework.boot.test.mock.mockito.ResetMocksTestExecutionListener.resetMocks(ResetMocksTestExecutionListener.java:85) ~[spring-boot-test-3.3.4.jar:3.3.4]
	at org.springframework.boot.test.mock.mockito.ResetMocksTestExecutionListener.resetMocks(ResetMocksTestExecutionListener.java:73) ~[spring-boot-test-3.3.4.jar:3.3.4]
	at org.springframework.boot.test.mock.mockito.ResetMocksTestExecutionListener.beforeTestMethod(ResetMocksTestExecutionListener.java:60) ~[spring-boot-test-3.3.4.jar:3.3.4]
	at org.springframework.test.context.TestContextManager.beforeTestMethod(TestContextManager.java:320) ~[spring-test-6.1.13.jar:6.1.13]
	at org.springframework.test.context.junit.jupiter.SpringExtension.beforeEach(SpringExtension.java:240) ~[spring-test-6.1.13.jar:6.1.13]
	at org.junit.jupiter.engine.descriptor.TestMethodTestDescriptor.lambda$invokeBeforeEachCallbacks$2(TestMethodTestDescriptor.java:167) ~[junit-jupiter-engine-5.10.3.jar:5.10.3]
	at org.junit.jupiter.engine.descriptor.TestMethodTestDescriptor.lambda$invokeBeforeMethodsOrCallbacksUntilExceptionOccurs$6(TestMethodTestDescriptor.java:203) ~[junit-jupiter-engine-5.10.3.jar:5.10.3]
	at org.junit.platform.engine.support.hierarchical.ThrowableCollector.execute(ThrowableCollector.java:73) ~[junit-platform-engine-1.10.3.jar:1.10.3]
	at org.junit.jupiter.engine.descriptor.TestMethodTestDescriptor.invokeBeforeMethodsOrCallbacksUntilExceptionOccurs(TestMethodTestDescriptor.java:203) ~[junit-jupiter-engine-5.10.3.jar:5.10.3]
	at org.junit.jupiter.engine.descriptor.TestMethodTestDescriptor.invokeBeforeEachCallbacks(TestMethodTestDescriptor.java:166) ~[junit-jupiter-engine-5.10.3.jar:5.10.3]
	at org.junit.jupiter.engine.descriptor.TestMethodTestDescriptor.execute(TestMethodTestDescriptor.java:133) ~[junit-jupiter-engine-5.10.3.jar:5.10.3]
	at org.junit.jupiter.engine.descriptor.TestMethodTestDescriptor.execute(TestMethodTestDescriptor.java:69) ~[junit-jupiter-engine-5.10.3.jar:5.10.3]
	at org.junit.platform.engine.support.hierarchical.NodeTestTask.lambda$executeRecursively$6(NodeTestTask.java:151) ~[junit-platform-engine-1.10.3.jar:1.10.3]
	at org.junit.platform.engine.support.hierarchical.ThrowableCollector.execute(ThrowableCollector.java:73) ~[junit-platform-engine-1.10.3.jar:1.10.3]
	at org.junit.platform.engine.support.hierarchical.NodeTestTask.lambda$executeRecursively$8(NodeTestTask.java:141) ~[junit-platform-engine-1.10.3.jar:1.10.3]
	at org.junit.platform.engine.support.hierarchical.Node.around(Node.java:137) ~[junit-platform-engine-1.10.3.jar:1.10.3]
	at org.junit.platform.engine.support.hierarchical.NodeTestTask.lambda$executeRecursively$9(NodeTestTask.java:139) ~[junit-platform-engine-1.10.3.jar:1.10.3]
	at org.junit.platform.engine.support.hierarchical.ThrowableCollector.execute(ThrowableCollector.java:73) ~[junit-platform-engine-1.10.3.jar:1.10.3]
	at org.junit.platform.engine.support.hierarchical.NodeTestTask.executeRecursively(NodeTestTask.java:138) ~[junit-platform-engine-1.10.3.jar:1.10.3]
	at org.junit.platform.engine.support.hierarchical.NodeTestTask.execute(NodeTestTask.java:95) ~[junit-platform-engine-1.10.3.jar:1.10.3]
	at java.base/java.util.ArrayList.forEach(ArrayList.java:1597) ~[na:na]
	at org.junit.platform.engine.support.hierarchical.SameThreadHierarchicalTestExecutorService.invokeAll(SameThreadHierarchicalTestExecutorService.java:41) ~[junit-platform-engine-1.10.3.jar:1.10.3]
	at org.junit.platform.engine.support.hierarchical.NodeTestTask.lambda$executeRecursively$6(NodeTestTask.java:155) ~[junit-platform-engine-1.10.3.jar:1.10.3]
	at org.junit.platform.engine.support.hierarchical.ThrowableCollector.execute(ThrowableCollector.java:73) ~[junit-platform-engine-1.10.3.jar:1.10.3]
	at org.junit.platform.engine.support.hierarchical.NodeTestTask.lambda$executeRecursively$8(NodeTestTask.java:141) ~[junit-platform-engine-1.10.3.jar:1.10.3]
	at org.junit.platform.engine.support.hierarchical.Node.around(Node.java:137) ~[junit-platform-engine-1.10.3.jar:1.10.3]
	at org.junit.platform.engine.support.hierarchical.NodeTestTask.lambda$executeRecursively$9(NodeTestTask.java:139) ~[junit-platform-engine-1.10.3.jar:1.10.3]
	at org.junit.platform.engine.support.hierarchical.ThrowableCollector.execute(ThrowableCollector.java:73) ~[junit-platform-engine-1.10.3.jar:1.10.3]
	at org.junit.platform.engine.support.hierarchical.NodeTestTask.executeRecursively(NodeTestTask.java:138) ~[junit-platform-engine-1.10.3.jar:1.10.3]
	at org.junit.platform.engine.support.hierarchical.NodeTestTask.execute(NodeTestTask.java:95) ~[junit-platform-engine-1.10.3.jar:1.10.3]
	at java.base/java.util.ArrayList.forEach(ArrayList.java:1597) ~[na:na]
	at org.junit.platform.engine.support.hierarchical.SameThreadHierarchicalTestExecutorService.invokeAll(SameThreadHierarchicalTestExecutorService.java:41) ~[junit-platform-engine-1.10.3.jar:1.10.3]
	at org.junit.platform.engine.support.hierarchical.NodeTestTask.lambda$executeRecursively$6(NodeTestTask.java:155) ~[junit-platform-engine-1.10.3.jar:1.10.3]
	at org.junit.platform.engine.support.hierarchical.ThrowableCollector.execute(ThrowableCollector.java:73) ~[junit-platform-engine-1.10.3.jar:1.10.3]
	at org.junit.platform.engine.support.hierarchical.NodeTestTask.lambda$executeRecursively$8(NodeTestTask.java:141) ~[junit-platform-engine-1.10.3.jar:1.10.3]
	at org.junit.platform.engine.support.hierarchical.Node.around(Node.java:137) ~[junit-platform-engine-1.10.3.jar:1.10.3]
	at org.junit.platform.engine.support.hierarchical.NodeTestTask.lambda$executeRecursively$9(NodeTestTask.java:139) ~[junit-platform-engine-1.10.3.jar:1.10.3]
	at org.junit.platform.engine.support.hierarchical.ThrowableCollector.execute(ThrowableCollector.java:73) ~[junit-platform-engine-1.10.3.jar:1.10.3]
	at org.junit.platform.engine.support.hierarchical.NodeTestTask.executeRecursively(NodeTestTask.java:138) ~[junit-platform-engine-1.10.3.jar:1.10.3]
	at org.junit.platform.engine.support.hierarchical.NodeTestTask.execute(NodeTestTask.java:95) ~[junit-platform-engine-1.10.3.jar:1.10.3]
	at org.junit.platform.engine.support.hierarchical.SameThreadHierarchicalTestExecutorService.submit(SameThreadHierarchicalTestExecutorService.java:35) ~[junit-platform-engine-1.10.3.jar:1.10.3]
	at org.junit.platform.engine.support.hierarchical.HierarchicalTestExecutor.execute(HierarchicalTestExecutor.java:57) ~[junit-platform-engine-1.10.3.jar:1.10.3]
	at org.junit.platform.engine.support.hierarchical.HierarchicalTestEngine.execute(HierarchicalTestEngine.java:54) ~[junit-platform-engine-1.10.3.jar:1.10.3]
	at org.junit.platform.launcher.core.EngineExecutionOrchestrator.execute(EngineExecutionOrchestrator.java:198) ~[junit-platform-launcher-1.10.3.jar:1.10.3]
	at org.junit.platform.launcher.core.EngineExecutionOrchestrator.execute(EngineExecutionOrchestrator.java:169) ~[junit-platform-launcher-1.10.3.jar:1.10.3]
	at org.junit.platform.launcher.core.EngineExecutionOrchestrator.execute(EngineExecutionOrchestrator.java:93) ~[junit-platform-launcher-1.10.3.jar:1.10.3]
	at org.junit.platform.launcher.core.EngineExecutionOrchestrator.lambda$execute$0(EngineExecutionOrchestrator.java:58) ~[junit-platform-launcher-1.10.3.jar:1.10.3]
	at org.junit.platform.launcher.core.EngineExecutionOrchestrator.withInterceptedStreams(EngineExecutionOrchestrator.java:141) ~[junit-platform-launcher-1.10.3.jar:1.10.3]
	at org.junit.platform.launcher.core.EngineExecutionOrchestrator.execute(EngineExecutionOrchestrator.java:57) ~[junit-platform-launcher-1.10.3.jar:1.10.3]
	at org.junit.platform.launcher.core.DefaultLauncher.execute(DefaultLauncher.java:103) ~[junit-platform-launcher-1.10.3.jar:1.10.3]
	at org.junit.platform.launcher.core.DefaultLauncher.execute(DefaultLauncher.java:85) ~[junit-platform-launcher-1.10.3.jar:1.10.3]
	at org.junit.platform.launcher.core.DelegatingLauncher.execute(DelegatingLauncher.java:47) ~[junit-platform-launcher-1.10.3.jar:1.10.3]
	at org.gradle.api.internal.tasks.testing.junitplatform.JUnitPlatformTestClassProcessor$CollectAllTestClassesExecutor.processAllTestClasses(JUnitPlatformTestClassProcessor.java:124) ~[na:na]
	at org.gradle.api.internal.tasks.testing.junitplatform.JUnitPlatformTestClassProcessor$CollectAllTestClassesExecutor.access$000(JUnitPlatformTestClassProcessor.java:99) ~[na:na]
	at org.gradle.api.internal.tasks.testing.junitplatform.JUnitPlatformTestClassProcessor.stop(JUnitPlatformTestClassProcessor.java:94) ~[na:na]
	at org.gradle.api.internal.tasks.testing.SuiteTestClassProcessor.stop(SuiteTestClassProcessor.java:63) ~[na:na]
	at java.base/jdk.internal.reflect.DirectMethodHandleAccessor.invoke(DirectMethodHandleAccessor.java:103) ~[na:na]
	at java.base/java.lang.reflect.Method.invoke(Method.java:580) ~[na:na]
	at org.gradle.internal.dispatch.ReflectionDispatch.dispatch(ReflectionDispatch.java:36) ~[na:na]
	at org.gradle.internal.dispatch.ReflectionDispatch.dispatch(ReflectionDispatch.java:24) ~[na:na]
	at org.gradle.internal.dispatch.ContextClassLoaderDispatch.dispatch(ContextClassLoaderDispatch.java:33) ~[na:na]
	at org.gradle.internal.dispatch.ProxyDispatchAdapter$DispatchingInvocationHandler.invoke(ProxyDispatchAdapter.java:92) ~[na:na]
	at jdk.proxy1/jdk.proxy1.$Proxy4.stop(Unknown Source) ~[na:na]
	at org.gradle.api.internal.tasks.testing.worker.TestWorker$3.run(TestWorker.java:200) ~[na:na]
	at org.gradle.api.internal.tasks.testing.worker.TestWorker.executeAndMaintainThreadName(TestWorker.java:132) ~[na:na]
	at org.gradle.api.internal.tasks.testing.worker.TestWorker.execute(TestWorker.java:103) ~[na:na]
	at org.gradle.api.internal.tasks.testing.worker.TestWorker.execute(TestWorker.java:63) ~[na:na]
	at org.gradle.process.internal.worker.child.ActionExecutionWorker.execute(ActionExecutionWorker.java:56) ~[na:na]
	at org.gradle.process.internal.worker.child.SystemApplicationClassLoaderWorker.call(SystemApplicationClassLoaderWorker.java:121) ~[na:na]
	at org.gradle.process.internal.worker.child.SystemApplicationClassLoaderWorker.call(SystemApplicationClassLoaderWorker.java:71) ~[na:na]
	at worker.org.gradle.process.internal.worker.GradleWorkerMain.run(GradleWorkerMain.java:69) ~[gradle-worker.jar:na]
	at worker.org.gradle.process.internal.worker.GradleWorkerMain.main(GradleWorkerMain.java:74) ~[gradle-worker.jar:na]

2024-10-22T23:42:55.007+03:00 DEBUG 4560 --- [reelQuill] [    Test worker] org.springframework.test.context.cache   : Spring test ApplicationContext cache statistics: [DefaultContextCache@5f815f93 size = 1, maxSize = 32, parentContextCount = 0, hitCount = 5, missCount = 1, failureCount = 0]
2024-10-22T23:42:55.017+03:00 DEBUG 4560 --- [reelQuill] [    Test worker] org.springframework.test.context.cache   : Spring test ApplicationContext cache statistics: [DefaultContextCache@5f815f93 size = 1, maxSize = 32, parentContextCount = 0, hitCount = 6, missCount = 1, failureCount = 0]
2024-10-22T23:42:55.017+03:00 DEBUG 4560 --- [reelQuill] [    Test worker] org.springframework.test.context.cache   : Spring test ApplicationContext cache statistics: [DefaultContextCache@5f815f93 size = 1, maxSize = 32, parentContextCount = 0, hitCount = 7, missCount = 1, failureCount = 0]
2024-10-22T23:42:55.020+03:00 DEBUG 4560 --- [reelQuill] [    Test worker] org.springframework.test.context.cache   : Spring test ApplicationContext cache statistics: [DefaultContextCache@5f815f93 size = 1, maxSize = 32, parentContextCount = 0, hitCount = 8, missCount = 1, failureCount = 0]
2024-10-22T23:42:55.020+03:00 DEBUG 4560 --- [reelQuill] [    Test worker] org.springframework.test.context.cache   : Spring test ApplicationContext cache statistics: [DefaultContextCache@5f815f93 size = 1, maxSize = 32, parentContextCount = 0, hitCount = 9, missCount = 1, failureCount = 0]
2024-10-22T23:42:55.020+03:00 DEBUG 4560 --- [reelQuill] [    Test worker] org.springframework.test.context.cache   : Spring test ApplicationContext cache statistics: [DefaultContextCache@5f815f93 size = 1, maxSize = 32, parentContextCount = 0, hitCount = 10, missCount = 1, failureCount = 0]
2024-10-22T23:42:55.020+03:00 DEBUG 4560 --- [reelQuill] [    Test worker] org.springframework.test.context.cache   : Spring test ApplicationContext cache statistics: [DefaultContextCache@5f815f93 size = 1, maxSize = 32, parentContextCount = 0, hitCount = 11, missCount = 1, failureCount = 0]
2024-10-22T23:42:55.020+03:00 DEBUG 4560 --- [reelQuill] [    Test worker] .c.s.DirtiesContextTestExecutionListener : After test method: class [ReelQuillApplicationTests], method [contextLoads], class annotated with @DirtiesContext [false] with mode [null], method annotated with @DirtiesContext [false] with mode [null]
2024-10-22T23:42:55.020+03:00 DEBUG 4560 --- [reelQuill] [    Test worker] o.s.t.c.w.ServletTestExecutionListener   : Resetting RequestContextHolder for test class com.example.reelquill.ReelQuillApplicationTests
2024-10-22T23:42:55.027+03:00 DEBUG 4560 --- [reelQuill] [    Test worker] org.springframework.test.context.cache   : Spring test ApplicationContext cache statistics: [DefaultContextCache@5f815f93 size = 1, maxSize = 32, parentContextCount = 0, hitCount = 12, missCount = 1, failureCount = 0]
2024-10-22T23:42:55.027+03:00 DEBUG 4560 --- [reelQuill] [    Test worker] .c.s.DirtiesContextTestExecutionListener : After test class: class [ReelQuillApplicationTests], class annotated with @DirtiesContext [false] with mode [null]
]]></system-out>
  <system-err><![CDATA[WARNING: A Java agent has been loaded dynamically (C:\Users\basak\.gradle\caches\modules-2\files-2.1\net.bytebuddy\byte-buddy-agent\1.14.19\154da3a65b4f4a909d3e5bdec55d1b2b4cbb6ce1\byte-buddy-agent-1.14.19.jar)
WARNING: If a serviceability tool is in use, please run with -XX:+EnableDynamicAgentLoading to hide this warning
WARNING: If a serviceability tool is not in use, please run with -Djdk.instrument.traceUsage for more information
WARNING: Dynamic loading of agents will be disallowed by default in a future release
]]></system-err>
</testsuite>
